\BOOKMARK [0][-]{chapter.1}{\376\377\0001\000\040\000N\000a\000m\000e\000s\000p\000a\000c\000e\000\040\000I\000n\000d\000e\000x}{}% 1
\BOOKMARK [0][-]{chapter.2}{\376\377\0002\000\040\000H\000i\000e\000r\000a\000r\000c\000h\000i\000c\000a\000l\000\040\000I\000n\000d\000e\000x}{}% 2
\BOOKMARK [1][-]{section.2.1}{\376\377\0002\000.\0001\000\040\000C\000l\000a\000s\000s\000\040\000H\000i\000e\000r\000a\000r\000c\000h\000y}{chapter.2}% 3
\BOOKMARK [0][-]{chapter.3}{\376\377\0003\000\040\000C\000l\000a\000s\000s\000\040\000I\000n\000d\000e\000x}{}% 4
\BOOKMARK [1][-]{section.3.1}{\376\377\0003\000.\0001\000\040\000C\000l\000a\000s\000s\000\040\000L\000i\000s\000t}{chapter.3}% 5
\BOOKMARK [0][-]{chapter.4}{\376\377\0004\000\040\000N\000a\000m\000e\000s\000p\000a\000c\000e\000\040\000D\000o\000c\000u\000m\000e\000n\000t\000a\000t\000i\000o\000n}{}% 6
\BOOKMARK [1][-]{section.4.1}{\376\377\0004\000.\0001\000\040\000P\000a\000c\000k\000a\000g\000e\000\040\000U\000n\000i\000t\000y\000E\000n\000g\000i\000n\000e}{chapter.4}% 7
\BOOKMARK [1][-]{section.4.2}{\376\377\0004\000.\0002\000\040\000P\000a\000c\000k\000a\000g\000e\000\040\000V\000o\000x\000e\000l\000B\000u\000s\000t\000e\000r\000s}{chapter.4}% 8
\BOOKMARK [1][-]{section.4.3}{\376\377\0004\000.\0003\000\040\000P\000a\000c\000k\000a\000g\000e\000\040\000V\000o\000x\000e\000l\000B\000u\000s\000t\000e\000r\000s\000.\000R\000u\000n\000t\000i\000m\000e\000S\000e\000r\000i\000a\000l\000i\000z\000a\000t\000i\000o\000n}{chapter.4}% 9
\BOOKMARK [2][-]{subsection.4.3.1}{\376\377\0004\000.\0003\000.\0001\000\040\000D\000e\000t\000a\000i\000l\000e\000d\000\040\000D\000e\000s\000c\000r\000i\000p\000t\000i\000o\000n}{section.4.3}% 10
\BOOKMARK [2][-]{subsection.4.3.2}{\376\377\0004\000.\0003\000.\0002\000\040\000E\000n\000u\000m\000e\000r\000a\000t\000i\000o\000n\000\040\000T\000y\000p\000e\000\040\000D\000o\000c\000u\000m\000e\000n\000t\000a\000t\000i\000o\000n}{section.4.3}% 11
\BOOKMARK [3][-]{subsubsection.4.3.2.1}{\376\377\0004\000.\0003\000.\0002\000.\0001\000\040\000e\000S\000a\000v\000e\000T\000a\000r\000g\000e\000t}{subsection.4.3.2}% 12
\BOOKMARK [0][-]{chapter.5}{\376\377\0005\000\040\000C\000l\000a\000s\000s\000\040\000D\000o\000c\000u\000m\000e\000n\000t\000a\000t\000i\000o\000n}{}% 13
\BOOKMARK [1][-]{section.5.1}{\376\377\0005\000.\0001\000\040\000I\000R\000u\000n\000t\000i\000m\000e\000S\000e\000r\000i\000a\000l\000i\000z\000a\000b\000l\000e}{chapter.5}% 14
\BOOKMARK [2][-]{subsection.5.1.1}{\376\377\0005\000.\0001\000.\0001\000\040\000D\000e\000t\000a\000i\000l\000e\000d\000\040\000D\000e\000s\000c\000r\000i\000p\000t\000i\000o\000n}{section.5.1}% 15
\BOOKMARK [2][-]{subsection.5.1.2}{\376\377\0005\000.\0001\000.\0002\000\040\000M\000e\000m\000b\000e\000r\000\040\000F\000u\000n\000c\000t\000i\000o\000n\000\040\000D\000o\000c\000u\000m\000e\000n\000t\000a\000t\000i\000o\000n}{section.5.1}% 16
\BOOKMARK [3][-]{subsubsection.5.1.2.1}{\376\377\0005\000.\0001\000.\0002\000.\0001\000\040\000W\000r\000i\000t\000e\000S\000e\000r\000i\000a\000l\000i\000z\000a\000t\000i\000o\000n\000D\000a\000t\000a}{subsection.5.1.2}% 17
\BOOKMARK [3][-]{subsubsection.5.1.2.2}{\376\377\0005\000.\0001\000.\0002\000.\0002\000\040\000R\000e\000a\000d\000S\000e\000r\000i\000a\000l\000i\000z\000a\000t\000i\000o\000n\000D\000a\000t\000a}{subsection.5.1.2}% 18
\BOOKMARK [1][-]{section.5.2}{\376\377\0005\000.\0002\000\040\000I\000R\000u\000n\000t\000i\000m\000e\000S\000e\000r\000i\000a\000l\000i\000z\000a\000b\000l\000e\000A\000c\000t\000i\000v\000a\000t\000o\000r}{chapter.5}% 19
\BOOKMARK [2][-]{subsection.5.2.1}{\376\377\0005\000.\0002\000.\0001\000\040\000D\000e\000t\000a\000i\000l\000e\000d\000\040\000D\000e\000s\000c\000r\000i\000p\000t\000i\000o\000n}{section.5.2}% 20
\BOOKMARK [1][-]{section.5.3}{\376\377\0005\000.\0003\000\040\000I\000R\000u\000n\000t\000i\000m\000e\000S\000e\000r\000i\000a\000l\000i\000z\000a\000b\000l\000e\000E\000x\000t\000e\000n\000s\000i\000o\000n}{chapter.5}% 21
\BOOKMARK [2][-]{subsection.5.3.1}{\376\377\0005\000.\0003\000.\0001\000\040\000D\000e\000t\000a\000i\000l\000e\000d\000\040\000D\000e\000s\000c\000r\000i\000p\000t\000i\000o\000n}{section.5.3}% 22
\BOOKMARK [2][-]{subsection.5.3.2}{\376\377\0005\000.\0003\000.\0002\000\040\000M\000e\000m\000b\000e\000r\000\040\000F\000u\000n\000c\000t\000i\000o\000n\000\040\000D\000o\000c\000u\000m\000e\000n\000t\000a\000t\000i\000o\000n}{section.5.3}% 23
\BOOKMARK [3][-]{subsubsection.5.3.2.1}{\376\377\0005\000.\0003\000.\0002\000.\0001\000\040\000C\000r\000e\000a\000t\000e\000I\000n\000s\000t\000a\000n\000c\000e}{subsection.5.3.2}% 24
\BOOKMARK [3][-]{subsubsection.5.3.2.2}{\376\377\0005\000.\0003\000.\0002\000.\0002\000\040\000W\000r\000i\000t\000e\000S\000e\000r\000i\000a\000l\000i\000z\000a\000t\000i\000o\000n\000D\000a\000t\000a}{subsection.5.3.2}% 25
\BOOKMARK [3][-]{subsubsection.5.3.2.3}{\376\377\0005\000.\0003\000.\0002\000.\0003\000\040\000R\000e\000a\000d\000S\000e\000r\000i\000a\000l\000i\000z\000a\000t\000i\000o\000n\000D\000a\000t\000a}{subsection.5.3.2}% 26
\BOOKMARK [1][-]{section.5.4}{\376\377\0005\000.\0004\000\040\000I\000R\000u\000n\000t\000i\000m\000e\000S\000e\000r\000i\000a\000l\000i\000z\000a\000t\000i\000o\000n\000C\000a\000l\000l\000b\000a\000c\000k}{chapter.5}% 27
\BOOKMARK [2][-]{subsection.5.4.1}{\376\377\0005\000.\0004\000.\0001\000\040\000D\000e\000t\000a\000i\000l\000e\000d\000\040\000D\000e\000s\000c\000r\000i\000p\000t\000i\000o\000n}{section.5.4}% 28
\BOOKMARK [2][-]{subsection.5.4.2}{\376\377\0005\000.\0004\000.\0002\000\040\000M\000e\000m\000b\000e\000r\000\040\000F\000u\000n\000c\000t\000i\000o\000n\000\040\000D\000o\000c\000u\000m\000e\000n\000t\000a\000t\000i\000o\000n}{section.5.4}% 29
\BOOKMARK [3][-]{subsubsection.5.4.2.1}{\376\377\0005\000.\0004\000.\0002\000.\0001\000\040\000O\000n\000A\000f\000t\000e\000r\000R\000u\000n\000t\000i\000m\000e\000S\000e\000r\000i\000a\000l\000i\000z\000e}{subsection.5.4.2}% 30
\BOOKMARK [3][-]{subsubsection.5.4.2.2}{\376\377\0005\000.\0004\000.\0002\000.\0002\000\040\000O\000n\000A\000f\000t\000e\000r\000R\000u\000n\000t\000i\000m\000e\000D\000e\000s\000e\000r\000i\000a\000l\000i\000z\000e}{subsection.5.4.2}% 31
\BOOKMARK [1][-]{section.5.5}{\376\377\0005\000.\0005\000\040\000I\000R\000u\000n\000t\000i\000m\000e\000S\000e\000r\000i\000a\000l\000i\000z\000a\000t\000i\000o\000n\000E\000v\000e\000n\000t\000L\000i\000s\000t\000e\000n\000e\000r}{chapter.5}% 32
\BOOKMARK [2][-]{subsection.5.5.1}{\376\377\0005\000.\0005\000.\0001\000\040\000D\000e\000t\000a\000i\000l\000e\000d\000\040\000D\000e\000s\000c\000r\000i\000p\000t\000i\000o\000n}{section.5.5}% 33
\BOOKMARK [2][-]{subsection.5.5.2}{\376\377\0005\000.\0005\000.\0002\000\040\000M\000e\000m\000b\000e\000r\000\040\000F\000u\000n\000c\000t\000i\000o\000n\000\040\000D\000o\000c\000u\000m\000e\000n\000t\000a\000t\000i\000o\000n}{section.5.5}% 34
\BOOKMARK [3][-]{subsubsection.5.5.2.1}{\376\377\0005\000.\0005\000.\0002\000.\0001\000\040\000O\000n\000A\000f\000t\000e\000r\000R\000u\000n\000t\000i\000m\000e\000S\000e\000r\000i\000a\000l\000i\000z\000e}{subsection.5.5.2}% 35
\BOOKMARK [3][-]{subsubsection.5.5.2.2}{\376\377\0005\000.\0005\000.\0002\000.\0002\000\040\000O\000n\000A\000f\000t\000e\000r\000R\000u\000n\000t\000i\000m\000e\000D\000e\000s\000e\000r\000i\000a\000l\000i\000z\000e}{subsection.5.5.2}% 36
\BOOKMARK [1][-]{section.5.6}{\376\377\0005\000.\0006\000\040\000N\000o\000n\000R\000u\000n\000t\000i\000m\000e\000S\000e\000r\000i\000a\000l\000i\000z\000e\000d\000F\000i\000e\000l\000d\000A\000t\000t\000r\000i\000b\000u\000t\000e}{chapter.5}% 37
\BOOKMARK [2][-]{subsection.5.6.1}{\376\377\0005\000.\0006\000.\0001\000\040\000D\000e\000t\000a\000i\000l\000e\000d\000\040\000D\000e\000s\000c\000r\000i\000p\000t\000i\000o\000n}{section.5.6}% 38
\BOOKMARK [1][-]{section.5.7}{\376\377\0005\000.\0007\000\040\000R\000S\000E\000x\000t\000e\000n\000s\000i\000o\000n\000M\000a\000n\000a\000g\000e\000r}{chapter.5}% 39
\BOOKMARK [2][-]{subsection.5.7.1}{\376\377\0005\000.\0007\000.\0001\000\040\000D\000e\000t\000a\000i\000l\000e\000d\000\040\000D\000e\000s\000c\000r\000i\000p\000t\000i\000o\000n}{section.5.7}% 40
\BOOKMARK [2][-]{subsection.5.7.2}{\376\377\0005\000.\0007\000.\0002\000\040\000M\000e\000m\000b\000e\000r\000\040\000F\000u\000n\000c\000t\000i\000o\000n\000\040\000D\000o\000c\000u\000m\000e\000n\000t\000a\000t\000i\000o\000n}{section.5.7}% 41
\BOOKMARK [3][-]{subsubsection.5.7.2.1}{\376\377\0005\000.\0007\000.\0002\000.\0001\000\040\000A\000d\000d\000N\000e\000w\000E\000x\000t\000e\000n\000s\000i\000o\000n}{subsection.5.7.2}% 42
\BOOKMARK [3][-]{subsubsection.5.7.2.2}{\376\377\0005\000.\0007\000.\0002\000.\0002\000\040\000R\000e\000m\000o\000v\000e\000E\000x\000t\000e\000n\000s\000i\000o\000n}{subsection.5.7.2}% 43
\BOOKMARK [3][-]{subsubsection.5.7.2.3}{\376\377\0005\000.\0007\000.\0002\000.\0003\000\040\000G\000e\000t\000E\000x\000t\000e\000n\000s\000i\000o\000n}{subsection.5.7.2}% 44
\BOOKMARK [1][-]{section.5.8}{\376\377\0005\000.\0008\000\040\000R\000S\000M\000a\000n\000a\000g\000e\000r}{chapter.5}% 45
\BOOKMARK [2][-]{subsection.5.8.1}{\376\377\0005\000.\0008\000.\0001\000\040\000D\000e\000t\000a\000i\000l\000e\000d\000\040\000D\000e\000s\000c\000r\000i\000p\000t\000i\000o\000n}{section.5.8}% 46
\BOOKMARK [2][-]{subsection.5.8.2}{\376\377\0005\000.\0008\000.\0002\000\040\000M\000e\000m\000b\000e\000r\000\040\000F\000u\000n\000c\000t\000i\000o\000n\000\040\000D\000o\000c\000u\000m\000e\000n\000t\000a\000t\000i\000o\000n}{section.5.8}% 47
\BOOKMARK [3][-]{subsubsection.5.8.2.1}{\376\377\0005\000.\0008\000.\0002\000.\0001\000\040\000S\000e\000r\000i\000a\000l\000i\000z\000e\000<\000\040\000T\000\040\000>}{subsection.5.8.2}% 48
\BOOKMARK [3][-]{subsubsection.5.8.2.2}{\376\377\0005\000.\0008\000.\0002\000.\0002\000\040\000D\000e\000s\000e\000r\000i\000a\000l\000i\000z\000e\000D\000a\000t\000a\000<\000\040\000T\000\040\000>}{subsection.5.8.2}% 49
\BOOKMARK [3][-]{subsubsection.5.8.2.3}{\376\377\0005\000.\0008\000.\0002\000.\0003\000\040\000S\000e\000r\000i\000a\000l\000i\000z\000e\000<\000\040\000T\000\040\000>}{subsection.5.8.2}% 50
\BOOKMARK [3][-]{subsubsection.5.8.2.4}{\376\377\0005\000.\0008\000.\0002\000.\0004\000\040\000D\000e\000s\000e\000r\000i\000a\000l\000i\000z\000e\000<\000\040\000T\000\040\000>}{subsection.5.8.2}% 51
\BOOKMARK [3][-]{subsubsection.5.8.2.5}{\376\377\0005\000.\0008\000.\0002\000.\0005\000\040\000C\000o\000n\000t\000a\000i\000n\000s\000K\000e\000y}{subsection.5.8.2}% 52
\BOOKMARK [3][-]{subsubsection.5.8.2.6}{\376\377\0005\000.\0008\000.\0002\000.\0006\000\040\000G\000e\000t\000S\000e\000r\000i\000a\000l\000i\000z\000a\000t\000i\000o\000n\000D\000a\000t\000a}{subsection.5.8.2}% 53
\BOOKMARK [3][-]{subsubsection.5.8.2.7}{\376\377\0005\000.\0008\000.\0002\000.\0007\000\040\000R\000e\000s\000t\000o\000r\000e\000S\000e\000r\000i\000a\000l\000i\000z\000a\000t\000i\000o\000n\000D\000a\000t\000a}{subsection.5.8.2}% 54
\BOOKMARK [3][-]{subsubsection.5.8.2.8}{\376\377\0005\000.\0008\000.\0002\000.\0008\000\040\000R\000e\000g\000i\000s\000t\000e\000r\000E\000v\000e\000n\000t\000L\000i\000s\000t\000e\000n\000e\000r}{subsection.5.8.2}% 55
\BOOKMARK [3][-]{subsubsection.5.8.2.9}{\376\377\0005\000.\0008\000.\0002\000.\0009\000\040\000U\000n\000R\000e\000g\000i\000s\000t\000e\000r\000E\000v\000e\000n\000t\000L\000i\000s\000t\000e\000n\000e\000r}{subsection.5.8.2}% 56
\BOOKMARK [3][-]{subsubsection.5.8.2.10}{\376\377\0005\000.\0008\000.\0002\000.\0001\0000\000\040\000S\000a\000v\000e}{subsection.5.8.2}% 57
\BOOKMARK [3][-]{subsubsection.5.8.2.11}{\376\377\0005\000.\0008\000.\0002\000.\0001\0001\000\040\000R\000e\000m\000o\000v\000e}{subsection.5.8.2}% 58
\BOOKMARK [3][-]{subsubsection.5.8.2.12}{\376\377\0005\000.\0008\000.\0002\000.\0001\0002\000\040\000R\000e\000m\000o\000v\000e\000A\000l\000l}{subsection.5.8.2}% 59
\BOOKMARK [3][-]{subsubsection.5.8.2.13}{\376\377\0005\000.\0008\000.\0002\000.\0001\0003\000\040\000P\000u\000r\000g\000e}{subsection.5.8.2}% 60
\BOOKMARK [3][-]{subsubsection.5.8.2.14}{\376\377\0005\000.\0008\000.\0002\000.\0001\0004\000\040\000G\000e\000t\000S\000e\000r\000i\000a\000l\000i\000z\000a\000t\000i\000o\000n\000F\000o\000r\000m\000a\000t\000V\000e\000r\000s\000i\000o\000n}{subsection.5.8.2}% 61
\BOOKMARK [1][-]{section.5.9}{\376\377\0005\000.\0009\000\040\000R\000S\000U\000t\000i\000l\000i\000t\000y}{chapter.5}% 62
\BOOKMARK [2][-]{subsection.5.9.1}{\376\377\0005\000.\0009\000.\0001\000\040\000D\000e\000t\000a\000i\000l\000e\000d\000\040\000D\000e\000s\000c\000r\000i\000p\000t\000i\000o\000n}{section.5.9}% 63
\BOOKMARK [2][-]{subsection.5.9.2}{\376\377\0005\000.\0009\000.\0002\000\040\000M\000e\000m\000b\000e\000r\000\040\000F\000u\000n\000c\000t\000i\000o\000n\000\040\000D\000o\000c\000u\000m\000e\000n\000t\000a\000t\000i\000o\000n}{section.5.9}% 64
\BOOKMARK [3][-]{subsubsection.5.9.2.1}{\376\377\0005\000.\0009\000.\0002\000.\0001\000\040\000I\000n\000s\000t\000a\000n\000t\000i\000a\000t\000e}{subsection.5.9.2}% 65
\BOOKMARK [3][-]{subsubsection.5.9.2.2}{\376\377\0005\000.\0009\000.\0002\000.\0002\000\040\000I\000n\000s\000t\000a\000n\000t\000i\000a\000t\000e}{subsection.5.9.2}% 66
\BOOKMARK [3][-]{subsubsection.5.9.2.3}{\376\377\0005\000.\0009\000.\0002\000.\0003\000\040\000C\000r\000e\000a\000t\000e\000G\000a\000m\000e\000O\000b\000j\000e\000c\000t}{subsection.5.9.2}% 67
\BOOKMARK [3][-]{subsubsection.5.9.2.4}{\376\377\0005\000.\0009\000.\0002\000.\0004\000\040\000A\000d\000d\000C\000o\000m\000p\000o\000n\000e\000n\000t\000<\000\040\000T\000\040\000>}{subsection.5.9.2}% 68
\BOOKMARK [1][-]{section.5.10}{\376\377\0005\000.\0001\0000\000\040\000R\000u\000n\000t\000i\000m\000e\000S\000e\000r\000i\000a\000l\000i\000z\000a\000b\000l\000e\000A\000t\000t\000r\000i\000b\000u\000t\000e}{chapter.5}% 69
\BOOKMARK [2][-]{subsection.5.10.1}{\376\377\0005\000.\0001\0000\000.\0001\000\040\000D\000e\000t\000a\000i\000l\000e\000d\000\040\000D\000e\000s\000c\000r\000i\000p\000t\000i\000o\000n}{section.5.10}% 70
\BOOKMARK [2][-]{subsection.5.10.2}{\376\377\0005\000.\0001\0000\000.\0002\000\040\000C\000o\000n\000s\000t\000r\000u\000c\000t\000o\000r\000\040\000\046\000\040\000D\000e\000s\000t\000r\000u\000c\000t\000o\000r\000\040\000D\000o\000c\000u\000m\000e\000n\000t\000a\000t\000i\000o\000n}{section.5.10}% 71
\BOOKMARK [3][-]{subsubsection.5.10.2.1}{\376\377\0005\000.\0001\0000\000.\0002\000.\0001\000\040\000R\000u\000n\000t\000i\000m\000e\000S\000e\000r\000i\000a\000l\000i\000z\000a\000b\000l\000e\000A\000t\000t\000r\000i\000b\000u\000t\000e}{subsection.5.10.2}% 72
\BOOKMARK [3][-]{subsubsection.5.10.2.2}{\376\377\0005\000.\0001\0000\000.\0002\000.\0002\000\040\000R\000u\000n\000t\000i\000m\000e\000S\000e\000r\000i\000a\000l\000i\000z\000a\000b\000l\000e\000A\000t\000t\000r\000i\000b\000u\000t\000e}{subsection.5.10.2}% 73
\BOOKMARK [1][-]{section.5.11}{\376\377\0005\000.\0001\0001\000\040\000R\000u\000n\000t\000i\000m\000e\000S\000e\000r\000i\000a\000l\000i\000z\000a\000t\000i\000o\000n\000I\000n\000f\000o}{chapter.5}% 74
\BOOKMARK [2][-]{subsection.5.11.1}{\376\377\0005\000.\0001\0001\000.\0001\000\040\000D\000e\000t\000a\000i\000l\000e\000d\000\040\000D\000e\000s\000c\000r\000i\000p\000t\000i\000o\000n}{section.5.11}% 75
\BOOKMARK [2][-]{subsection.5.11.2}{\376\377\0005\000.\0001\0001\000.\0002\000\040\000M\000e\000m\000b\000e\000r\000\040\000F\000u\000n\000c\000t\000i\000o\000n\000\040\000D\000o\000c\000u\000m\000e\000n\000t\000a\000t\000i\000o\000n}{section.5.11}% 76
\BOOKMARK [3][-]{subsubsection.5.11.2.1}{\376\377\0005\000.\0001\0001\000.\0002\000.\0001\000\040\000A\000d\000d\000V\000a\000l\000u\000e\000<\000\040\000T\000\040\000>}{subsection.5.11.2}% 77
\BOOKMARK [3][-]{subsubsection.5.11.2.2}{\376\377\0005\000.\0001\0001\000.\0002\000.\0002\000\040\000A\000d\000d\000V\000a\000l\000u\000e}{subsection.5.11.2}% 78
\BOOKMARK [3][-]{subsubsection.5.11.2.3}{\376\377\0005\000.\0001\0001\000.\0002\000.\0003\000\040\000G\000e\000t\000V\000a\000l\000u\000e\000<\000\040\000T\000\040\000>}{subsection.5.11.2}% 79
\BOOKMARK [3][-]{subsubsection.5.11.2.4}{\376\377\0005\000.\0001\0001\000.\0002\000.\0004\000\040\000G\000e\000t\000V\000a\000l\000u\000e}{subsection.5.11.2}% 80
\BOOKMARK [3][-]{subsubsection.5.11.2.5}{\376\377\0005\000.\0001\0001\000.\0002\000.\0005\000\040\000T\000r\000y\000G\000e\000t\000V\000a\000l\000u\000e\000<\000\040\000T\000\040\000>}{subsection.5.11.2}% 81
\BOOKMARK [3][-]{subsubsection.5.11.2.6}{\376\377\0005\000.\0001\0001\000.\0002\000.\0006\000\040\000T\000r\000y\000G\000e\000t\000V\000a\000l\000u\000e}{subsection.5.11.2}% 82
\BOOKMARK [3][-]{subsubsection.5.11.2.7}{\376\377\0005\000.\0001\0001\000.\0002\000.\0007\000\040\000C\000o\000n\000t\000a\000i\000n\000s\000V\000a\000l\000u\000e}{subsection.5.11.2}% 83
\BOOKMARK [1][-]{section.5.12}{\376\377\0005\000.\0001\0002\000\040\000R\000u\000n\000t\000i\000m\000e\000S\000e\000r\000i\000a\000l\000i\000z\000e\000F\000i\000e\000l\000d\000A\000t\000t\000r\000i\000b\000u\000t\000e}{chapter.5}% 84
\BOOKMARK [2][-]{subsection.5.12.1}{\376\377\0005\000.\0001\0002\000.\0001\000\040\000D\000e\000t\000a\000i\000l\000e\000d\000\040\000D\000e\000s\000c\000r\000i\000p\000t\000i\000o\000n}{section.5.12}% 85
\BOOKMARK [1][-]{section.5.13}{\376\377\0005\000.\0001\0003\000\040\000U\000I\000D\000S\000y\000s\000t\000e\000m}{chapter.5}% 86
\BOOKMARK [2][-]{subsection.5.13.1}{\376\377\0005\000.\0001\0003\000.\0001\000\040\000D\000e\000t\000a\000i\000l\000e\000d\000\040\000D\000e\000s\000c\000r\000i\000p\000t\000i\000o\000n}{section.5.13}% 87
\BOOKMARK [2][-]{subsection.5.13.2}{\376\377\0005\000.\0001\0003\000.\0002\000\040\000M\000e\000m\000b\000e\000r\000\040\000F\000u\000n\000c\000t\000i\000o\000n\000\040\000D\000o\000c\000u\000m\000e\000n\000t\000a\000t\000i\000o\000n}{section.5.13}% 88
\BOOKMARK [3][-]{subsubsection.5.13.2.1}{\376\377\0005\000.\0001\0003\000.\0002\000.\0001\000\040\000U\000p\000d\000a\000t\000e\000U\000I\000D\000s}{subsection.5.13.2}% 89
\BOOKMARK [3][-]{subsubsection.5.13.2.2}{\376\377\0005\000.\0001\0003\000.\0002\000.\0002\000\040\000R\000e\000a\000s\000s\000i\000g\000n\000U\000I\000D\000s}{subsection.5.13.2}% 90
\BOOKMARK [3][-]{subsubsection.5.13.2.3}{\376\377\0005\000.\0001\0003\000.\0002\000.\0003\000\040\000A\000s\000s\000i\000g\000n\000U\000I\000D\000T\000o\000N\000e\000w\000C\000o\000m\000p\000o\000n\000e\000n\000t}{subsection.5.13.2}% 91
\BOOKMARK [3][-]{subsubsection.5.13.2.4}{\376\377\0005\000.\0001\0003\000.\0002\000.\0004\000\040\000U\000p\000d\000a\000t\000e\000C\000a\000n\000S\000e\000r\000i\000a\000l\000i\000z\000e\000C\000o\000m\000p\000o\000n\000e\000n\000t\000S\000t\000a\000t\000u\000s}{subsection.5.13.2}% 92
\BOOKMARK [0][-]{section*.16}{\376\377\000I\000n\000d\000e\000x}{}% 93
