\BOOKMARK [0][-]{chapter.1}{\376\377\0001\000\040\000N\000a\000m\000e\000s\000p\000a\000c\000e\000\040\000I\000n\000d\000e\000x}{}% 1
\BOOKMARK [0][-]{chapter.2}{\376\377\0002\000\040\000C\000l\000a\000s\000s\000\040\000I\000n\000d\000e\000x}{}% 2
\BOOKMARK [1][-]{section.2.1}{\376\377\0002\000.\0001\000\040\000C\000l\000a\000s\000s\000\040\000L\000i\000s\000t}{chapter.2}% 3
\BOOKMARK [0][-]{chapter.3}{\376\377\0003\000\040\000N\000a\000m\000e\000s\000p\000a\000c\000e\000\040\000D\000o\000c\000u\000m\000e\000n\000t\000a\000t\000i\000o\000n}{}% 4
\BOOKMARK [1][-]{section.3.1}{\376\377\0003\000.\0001\000\040\000P\000a\000c\000k\000a\000g\000e\000\040\000V\000o\000x\000e\000l\000B\000u\000s\000t\000e\000r\000s}{chapter.3}% 5
\BOOKMARK [1][-]{section.3.2}{\376\377\0003\000.\0002\000\040\000P\000a\000c\000k\000a\000g\000e\000\040\000V\000o\000x\000e\000l\000B\000u\000s\000t\000e\000r\000s\000.\000N\000a\000t\000i\000v\000e\000P\000l\000u\000g\000i\000n\000s}{chapter.3}% 6
\BOOKMARK [2][-]{subsection.3.2.1}{\376\377\0003\000.\0002\000.\0001\000\040\000E\000n\000u\000m\000e\000r\000a\000t\000i\000o\000n\000\040\000T\000y\000p\000e\000\040\000D\000o\000c\000u\000m\000e\000n\000t\000a\000t\000i\000o\000n}{section.3.2}% 7
\BOOKMARK [3][-]{subsubsection.3.2.1.1}{\376\377\0003\000.\0002\000.\0001\000.\0001\000\040\000e\000A\000B\000A\000u\000t\000h\000o\000r\000i\000z\000a\000t\000i\000o\000n\000S\000t\000a\000t\000u\000s}{subsection.3.2.1}% 8
\BOOKMARK [3][-]{subsubsection.3.2.1.2}{\376\377\0003\000.\0002\000.\0001\000.\0002\000\040\000e\000B\000i\000l\000l\000i\000n\000g\000T\000r\000a\000n\000s\000a\000c\000t\000i\000o\000n\000S\000t\000a\000t\000e}{subsection.3.2.1}% 9
\BOOKMARK [3][-]{subsubsection.3.2.1.3}{\376\377\0003\000.\0002\000.\0001\000.\0003\000\040\000e\000B\000i\000l\000l\000i\000n\000g\000T\000r\000a\000n\000s\000a\000c\000t\000i\000o\000n\000V\000e\000r\000i\000f\000i\000c\000a\000t\000i\000o\000n\000S\000t\000a\000t\000e}{subsection.3.2.1}% 10
\BOOKMARK [3][-]{subsubsection.3.2.1.4}{\376\377\0003\000.\0002\000.\0001\000.\0004\000\040\000e\000I\000m\000a\000g\000e\000S\000o\000u\000r\000c\000e}{subsection.3.2.1}% 11
\BOOKMARK [3][-]{subsubsection.3.2.1.5}{\376\377\0003\000.\0002\000.\0001\000.\0005\000\040\000e\000P\000i\000c\000k\000I\000m\000a\000g\000e\000F\000i\000n\000i\000s\000h\000R\000e\000a\000s\000o\000n}{subsection.3.2.1}% 12
\BOOKMARK [3][-]{subsubsection.3.2.1.6}{\376\377\0003\000.\0002\000.\0001\000.\0006\000\040\000e\000P\000i\000c\000k\000V\000i\000d\000e\000o\000F\000i\000n\000i\000s\000h\000R\000e\000a\000s\000o\000n}{subsection.3.2.1}% 13
\BOOKMARK [3][-]{subsubsection.3.2.1.7}{\376\377\0003\000.\0002\000.\0001\000.\0007\000\040\000e\000P\000l\000a\000y\000V\000i\000d\000e\000o\000F\000i\000n\000i\000s\000h\000R\000e\000a\000s\000o\000n}{subsection.3.2.1}% 14
\BOOKMARK [3][-]{subsubsection.3.2.1.8}{\376\377\0003\000.\0002\000.\0001\000.\0008\000\040\000N\000o\000t\000i\000f\000i\000c\000a\000t\000i\000o\000n\000T\000y\000p\000e}{subsection.3.2.1}% 15
\BOOKMARK [3][-]{subsubsection.3.2.1.9}{\376\377\0003\000.\0002\000.\0001\000.\0009\000\040\000e\000S\000h\000a\000r\000e\000R\000e\000s\000u\000l\000t}{subsection.3.2.1}% 16
\BOOKMARK [3][-]{subsubsection.3.2.1.10}{\376\377\0003\000.\0002\000.\0001\000.\0001\0000\000\040\000e\000S\000h\000a\000r\000e\000O\000p\000t\000i\000o\000n\000s}{subsection.3.2.1}% 17
\BOOKMARK [3][-]{subsubsection.3.2.1.11}{\376\377\0003\000.\0002\000.\0001\000.\0001\0001\000\040\000e\000T\000w\000i\000t\000t\000e\000r\000C\000o\000m\000p\000o\000s\000e\000r\000R\000e\000s\000u\000l\000t}{subsection.3.2.1}% 18
\BOOKMARK [3][-]{subsubsection.3.2.1.12}{\376\377\0003\000.\0002\000.\0001\000.\0001\0002\000\040\000e\000W\000e\000b\000v\000i\000e\000w\000C\000o\000n\000t\000r\000o\000l\000T\000y\000p\000e}{subsection.3.2.1}% 19
\BOOKMARK [1][-]{section.3.3}{\376\377\0003\000.\0003\000\040\000P\000a\000c\000k\000a\000g\000e\000\040\000V\000o\000x\000e\000l\000B\000u\000s\000t\000e\000r\000s\000.\000N\000a\000t\000i\000v\000e\000P\000l\000u\000g\000i\000n\000s\000.\000I\000n\000t\000e\000r\000n\000a\000l}{chapter.3}% 20
\BOOKMARK [0][-]{chapter.4}{\376\377\0004\000\040\000C\000l\000a\000s\000s\000\040\000D\000o\000c\000u\000m\000e\000n\000t\000a\000t\000i\000o\000n}{}% 21
\BOOKMARK [1][-]{section.4.1}{\376\377\0004\000.\0001\000\040\000A\000d\000d\000r\000e\000s\000s\000B\000o\000o\000k}{chapter.4}% 22
\BOOKMARK [2][-]{subsection.4.1.1}{\376\377\0004\000.\0001\000.\0001\000\040\000D\000e\000t\000a\000i\000l\000e\000d\000\040\000D\000e\000s\000c\000r\000i\000p\000t\000i\000o\000n}{section.4.1}% 23
\BOOKMARK [2][-]{subsection.4.1.2}{\376\377\0004\000.\0001\000.\0002\000\040\000M\000e\000m\000b\000e\000r\000\040\000F\000u\000n\000c\000t\000i\000o\000n\000\040\000D\000o\000c\000u\000m\000e\000n\000t\000a\000t\000i\000o\000n}{section.4.1}% 24
\BOOKMARK [3][-]{subsubsection.4.1.2.1}{\376\377\0004\000.\0001\000.\0002\000.\0001\000\040\000R\000e\000a\000d\000C\000o\000n\000t\000a\000c\000t\000s}{subsection.4.1.2}% 25
\BOOKMARK [3][-]{subsubsection.4.1.2.2}{\376\377\0004\000.\0001\000.\0002\000.\0002\000\040\000R\000e\000a\000d\000C\000o\000n\000t\000a\000c\000t\000s\000C\000o\000m\000p\000l\000e\000t\000i\000o\000n}{subsection.4.1.2}% 26
\BOOKMARK [1][-]{section.4.2}{\376\377\0004\000.\0002\000\040\000A\000d\000d\000r\000e\000s\000s\000B\000o\000o\000k\000C\000o\000n\000t\000a\000c\000t}{chapter.4}% 27
\BOOKMARK [2][-]{subsection.4.2.1}{\376\377\0004\000.\0002\000.\0001\000\040\000D\000e\000t\000a\000i\000l\000e\000d\000\040\000D\000e\000s\000c\000r\000i\000p\000t\000i\000o\000n}{section.4.2}% 28
\BOOKMARK [2][-]{subsection.4.2.2}{\376\377\0004\000.\0002\000.\0002\000\040\000C\000o\000n\000s\000t\000r\000u\000c\000t\000o\000r\000\040\000\046\000\040\000D\000e\000s\000t\000r\000u\000c\000t\000o\000r\000\040\000D\000o\000c\000u\000m\000e\000n\000t\000a\000t\000i\000o\000n}{section.4.2}% 29
\BOOKMARK [3][-]{subsubsection.4.2.2.1}{\376\377\0004\000.\0002\000.\0002\000.\0001\000\040\000A\000d\000d\000r\000e\000s\000s\000B\000o\000o\000k\000C\000o\000n\000t\000a\000c\000t}{subsection.4.2.2}% 30
\BOOKMARK [3][-]{subsubsection.4.2.2.2}{\376\377\0004\000.\0002\000.\0002\000.\0002\000\040\000A\000d\000d\000r\000e\000s\000s\000B\000o\000o\000k\000C\000o\000n\000t\000a\000c\000t}{subsection.4.2.2}% 31
\BOOKMARK [2][-]{subsection.4.2.3}{\376\377\0004\000.\0002\000.\0003\000\040\000M\000e\000m\000b\000e\000r\000\040\000F\000u\000n\000c\000t\000i\000o\000n\000\040\000D\000o\000c\000u\000m\000e\000n\000t\000a\000t\000i\000o\000n}{section.4.2}% 32
\BOOKMARK [3][-]{subsubsection.4.2.3.1}{\376\377\0004\000.\0002\000.\0003\000.\0001\000\040\000G\000e\000t\000I\000m\000a\000g\000e\000A\000s\000y\000n\000c}{subsection.4.2.3}% 33
\BOOKMARK [3][-]{subsubsection.4.2.3.2}{\376\377\0004\000.\0002\000.\0003\000.\0002\000\040\000T\000o\000S\000t\000r\000i\000n\000g}{subsection.4.2.3}% 34
\BOOKMARK [2][-]{subsection.4.2.4}{\376\377\0004\000.\0002\000.\0004\000\040\000P\000r\000o\000p\000e\000r\000t\000y\000\040\000D\000o\000c\000u\000m\000e\000n\000t\000a\000t\000i\000o\000n}{section.4.2}% 35
\BOOKMARK [3][-]{subsubsection.4.2.4.1}{\376\377\0004\000.\0002\000.\0004\000.\0001\000\040\000F\000i\000r\000s\000t\000N\000a\000m\000e}{subsection.4.2.4}% 36
\BOOKMARK [3][-]{subsubsection.4.2.4.2}{\376\377\0004\000.\0002\000.\0004\000.\0002\000\040\000L\000a\000s\000t\000N\000a\000m\000e}{subsection.4.2.4}% 37
\BOOKMARK [3][-]{subsubsection.4.2.4.3}{\376\377\0004\000.\0002\000.\0004\000.\0003\000\040\000I\000m\000a\000g\000e\000P\000a\000t\000h}{subsection.4.2.4}% 38
\BOOKMARK [3][-]{subsubsection.4.2.4.4}{\376\377\0004\000.\0002\000.\0004\000.\0004\000\040\000P\000h\000o\000n\000e\000N\000u\000m\000b\000e\000r\000L\000i\000s\000t}{subsection.4.2.4}% 39
\BOOKMARK [3][-]{subsubsection.4.2.4.5}{\376\377\0004\000.\0002\000.\0004\000.\0005\000\040\000E\000m\000a\000i\000l\000I\000D\000L\000i\000s\000t}{subsection.4.2.4}% 40
\BOOKMARK [1][-]{section.4.3}{\376\377\0004\000.\0003\000\040\000M\000e\000d\000i\000a\000L\000i\000b\000r\000a\000r\000y\000S\000e\000t\000t\000i\000n\000g\000s\000.\000A\000n\000d\000r\000o\000i\000d\000S\000e\000t\000t\000i\000n\000g\000s}{chapter.4}% 41
\BOOKMARK [2][-]{subsection.4.3.1}{\376\377\0004\000.\0003\000.\0001\000\040\000D\000e\000t\000a\000i\000l\000e\000d\000\040\000D\000e\000s\000c\000r\000i\000p\000t\000i\000o\000n}{section.4.3}% 42
\BOOKMARK [2][-]{subsection.4.3.2}{\376\377\0004\000.\0003\000.\0002\000\040\000P\000r\000o\000p\000e\000r\000t\000y\000\040\000D\000o\000c\000u\000m\000e\000n\000t\000a\000t\000i\000o\000n}{section.4.3}% 43
\BOOKMARK [3][-]{subsubsection.4.3.2.1}{\376\377\0004\000.\0003\000.\0002\000.\0001\000\040\000Y\000o\000u\000t\000u\000b\000e\000A\000P\000I\000K\000e\000y}{subsection.4.3.2}% 44
\BOOKMARK [1][-]{section.4.4}{\376\377\0004\000.\0004\000\040\000N\000o\000t\000i\000f\000i\000c\000a\000t\000i\000o\000n\000S\000e\000r\000v\000i\000c\000e\000S\000e\000t\000t\000i\000n\000g\000s\000.\000A\000n\000d\000r\000o\000i\000d\000S\000e\000t\000t\000i\000n\000g\000s}{chapter.4}% 45
\BOOKMARK [2][-]{subsection.4.4.1}{\376\377\0004\000.\0004\000.\0001\000\040\000D\000e\000t\000a\000i\000l\000e\000d\000\040\000D\000e\000s\000c\000r\000i\000p\000t\000i\000o\000n}{section.4.4}% 46
\BOOKMARK [2][-]{subsection.4.4.2}{\376\377\0004\000.\0004\000.\0002\000\040\000P\000r\000o\000p\000e\000r\000t\000y\000\040\000D\000o\000c\000u\000m\000e\000n\000t\000a\000t\000i\000o\000n}{section.4.4}% 47
\BOOKMARK [3][-]{subsubsection.4.4.2.1}{\376\377\0004\000.\0004\000.\0002\000.\0001\000\040\000S\000e\000n\000d\000e\000r\000I\000D\000L\000i\000s\000t}{subsection.4.4.2}% 48
\BOOKMARK [3][-]{subsubsection.4.4.2.2}{\376\377\0004\000.\0004\000.\0002\000.\0002\000\040\000A\000l\000l\000o\000w\000C\000u\000s\000t\000o\000m\000I\000c\000o\000n}{subsection.4.4.2}% 49
\BOOKMARK [3][-]{subsubsection.4.4.2.3}{\376\377\0004\000.\0004\000.\0002\000.\0003\000\040\000T\000i\000c\000k\000e\000r\000T\000e\000x\000t\000K\000e\000y}{subsection.4.4.2}% 50
\BOOKMARK [3][-]{subsubsection.4.4.2.4}{\376\377\0004\000.\0004\000.\0002\000.\0004\000\040\000C\000o\000n\000t\000e\000n\000t\000T\000i\000t\000l\000e\000K\000e\000y}{subsection.4.4.2}% 51
\BOOKMARK [3][-]{subsubsection.4.4.2.5}{\376\377\0004\000.\0004\000.\0002\000.\0005\000\040\000C\000o\000n\000t\000e\000n\000t\000T\000e\000x\000t\000K\000e\000y}{subsection.4.4.2}% 52
\BOOKMARK [3][-]{subsubsection.4.4.2.6}{\376\377\0004\000.\0004\000.\0002\000.\0006\000\040\000U\000s\000e\000r\000I\000n\000f\000o\000K\000e\000y}{subsection.4.4.2}% 53
\BOOKMARK [3][-]{subsubsection.4.4.2.7}{\376\377\0004\000.\0004\000.\0002\000.\0007\000\040\000T\000a\000g\000K\000e\000y}{subsection.4.4.2}% 54
\BOOKMARK [1][-]{section.4.5}{\376\377\0004\000.\0005\000\040\000B\000i\000l\000l\000i\000n\000g\000S\000e\000t\000t\000i\000n\000g\000s\000.\000A\000n\000d\000r\000o\000i\000d\000S\000e\000t\000t\000i\000n\000g\000s}{chapter.4}% 55
\BOOKMARK [2][-]{subsection.4.5.1}{\376\377\0004\000.\0005\000.\0001\000\040\000D\000e\000t\000a\000i\000l\000e\000d\000\040\000D\000e\000s\000c\000r\000i\000p\000t\000i\000o\000n}{section.4.5}% 56
\BOOKMARK [1][-]{section.4.6}{\376\377\0004\000.\0006\000\040\000N\000e\000t\000w\000o\000r\000k\000C\000o\000n\000n\000e\000c\000t\000i\000v\000i\000t\000y\000S\000e\000t\000t\000i\000n\000g\000s\000.\000A\000n\000d\000r\000o\000i\000d\000S\000e\000t\000t\000i\000n\000g\000s}{chapter.4}% 57
\BOOKMARK [2][-]{subsection.4.6.1}{\376\377\0004\000.\0006\000.\0001\000\040\000D\000e\000t\000a\000i\000l\000e\000d\000\040\000D\000e\000s\000c\000r\000i\000p\000t\000i\000o\000n}{section.4.6}% 58
\BOOKMARK [2][-]{subsection.4.6.2}{\376\377\0004\000.\0006\000.\0002\000\040\000P\000r\000o\000p\000e\000r\000t\000y\000\040\000D\000o\000c\000u\000m\000e\000n\000t\000a\000t\000i\000o\000n}{section.4.6}% 59
\BOOKMARK [3][-]{subsubsection.4.6.2.1}{\376\377\0004\000.\0006\000.\0002\000.\0001\000\040\000T\000i\000m\000e\000O\000u\000t\000P\000e\000r\000i\000o\000d}{subsection.4.6.2}% 60
\BOOKMARK [3][-]{subsubsection.4.6.2.2}{\376\377\0004\000.\0006\000.\0002\000.\0002\000\040\000M\000a\000x\000R\000e\000t\000r\000y\000C\000o\000u\000n\000t}{subsection.4.6.2}% 61
\BOOKMARK [3][-]{subsubsection.4.6.2.3}{\376\377\0004\000.\0006\000.\0002\000.\0003\000\040\000T\000i\000m\000e\000G\000a\000p\000B\000e\000t\000w\000e\000e\000n\000P\000o\000l\000l\000i\000n\000g}{subsection.4.6.2}% 62
\BOOKMARK [1][-]{section.4.7}{\376\377\0004\000.\0007\000\040\000B\000i\000l\000l\000i\000n\000g}{chapter.4}% 63
\BOOKMARK [2][-]{subsection.4.7.1}{\376\377\0004\000.\0007\000.\0001\000\040\000D\000e\000t\000a\000i\000l\000e\000d\000\040\000D\000e\000s\000c\000r\000i\000p\000t\000i\000o\000n}{section.4.7}% 64
\BOOKMARK [2][-]{subsection.4.7.2}{\376\377\0004\000.\0007\000.\0002\000\040\000M\000e\000m\000b\000e\000r\000\040\000F\000u\000n\000c\000t\000i\000o\000n\000\040\000D\000o\000c\000u\000m\000e\000n\000t\000a\000t\000i\000o\000n}{section.4.7}% 65
\BOOKMARK [3][-]{subsubsection.4.7.2.1}{\376\377\0004\000.\0007\000.\0002\000.\0001\000\040\000R\000e\000q\000u\000e\000s\000t\000F\000o\000r\000B\000i\000l\000l\000i\000n\000g\000P\000r\000o\000d\000u\000c\000t\000s}{subsection.4.7.2}% 66
\BOOKMARK [3][-]{subsubsection.4.7.2.2}{\376\377\0004\000.\0007\000.\0002\000.\0002\000\040\000I\000s\000P\000r\000o\000d\000u\000c\000t\000P\000u\000r\000c\000h\000a\000s\000e\000d}{subsection.4.7.2}% 67
\BOOKMARK [3][-]{subsubsection.4.7.2.3}{\376\377\0004\000.\0007\000.\0002\000.\0003\000\040\000B\000u\000y\000P\000r\000o\000d\000u\000c\000t}{subsection.4.7.2}% 68
\BOOKMARK [3][-]{subsubsection.4.7.2.4}{\376\377\0004\000.\0007\000.\0002\000.\0004\000\040\000R\000e\000s\000t\000o\000r\000e\000C\000o\000m\000p\000l\000e\000t\000e\000d\000T\000r\000a\000n\000s\000a\000c\000t\000i\000o\000n\000s}{subsection.4.7.2}% 69
\BOOKMARK [3][-]{subsubsection.4.7.2.5}{\376\377\0004\000.\0007\000.\0002\000.\0005\000\040\000C\000u\000s\000t\000o\000m\000V\000e\000r\000i\000f\000i\000c\000a\000t\000i\000o\000n\000F\000i\000n\000i\000s\000h\000e\000d}{subsection.4.7.2}% 70
\BOOKMARK [3][-]{subsubsection.4.7.2.6}{\376\377\0004\000.\0007\000.\0002\000.\0006\000\040\000B\000i\000l\000l\000i\000n\000g\000P\000r\000o\000d\000u\000c\000t\000s\000R\000e\000q\000u\000e\000s\000t\000C\000o\000m\000p\000l\000e\000t\000i\000o\000n}{subsection.4.7.2}% 71
\BOOKMARK [3][-]{subsubsection.4.7.2.7}{\376\377\0004\000.\0007\000.\0002\000.\0007\000\040\000T\000r\000a\000n\000s\000a\000c\000t\000i\000o\000n\000C\000o\000m\000p\000l\000e\000t\000i\000o\000n}{subsection.4.7.2}% 72
\BOOKMARK [2][-]{subsection.4.7.3}{\376\377\0004\000.\0007\000.\0003\000\040\000E\000v\000e\000n\000t\000\040\000D\000o\000c\000u\000m\000e\000n\000t\000a\000t\000i\000o\000n}{section.4.7}% 73
\BOOKMARK [3][-]{subsubsection.4.7.3.1}{\376\377\0004\000.\0007\000.\0003\000.\0001\000\040\000B\000i\000l\000l\000i\000n\000g\000P\000r\000o\000d\000u\000c\000t\000s\000R\000e\000q\000u\000e\000s\000t\000F\000i\000n\000i\000s\000h\000e\000d\000E\000v\000e\000n\000t}{subsection.4.7.3}% 74
\BOOKMARK [3][-]{subsubsection.4.7.3.2}{\376\377\0004\000.\0007\000.\0003\000.\0002\000\040\000T\000r\000a\000n\000s\000a\000c\000t\000i\000o\000n\000F\000i\000n\000i\000s\000h\000e\000d\000E\000v\000e\000n\000t}{subsection.4.7.3}% 75
\BOOKMARK [1][-]{section.4.8}{\376\377\0004\000.\0008\000\040\000B\000i\000l\000l\000i\000n\000g\000P\000r\000o\000d\000u\000c\000t}{chapter.4}% 76
\BOOKMARK [2][-]{subsection.4.8.1}{\376\377\0004\000.\0008\000.\0001\000\040\000D\000e\000t\000a\000i\000l\000e\000d\000\040\000D\000e\000s\000c\000r\000i\000p\000t\000i\000o\000n}{section.4.8}% 77
\BOOKMARK [2][-]{subsection.4.8.2}{\376\377\0004\000.\0008\000.\0002\000\040\000M\000e\000m\000b\000e\000r\000\040\000F\000u\000n\000c\000t\000i\000o\000n\000\040\000D\000o\000c\000u\000m\000e\000n\000t\000a\000t\000i\000o\000n}{section.4.8}% 78
\BOOKMARK [3][-]{subsubsection.4.8.2.1}{\376\377\0004\000.\0008\000.\0002\000.\0001\000\040\000C\000o\000p\000y}{subsection.4.8.2}% 79
\BOOKMARK [3][-]{subsubsection.4.8.2.2}{\376\377\0004\000.\0008\000.\0002\000.\0002\000\040\000T\000o\000S\000t\000r\000i\000n\000g}{subsection.4.8.2}% 80
\BOOKMARK [2][-]{subsection.4.8.3}{\376\377\0004\000.\0008\000.\0003\000\040\000P\000r\000o\000p\000e\000r\000t\000y\000\040\000D\000o\000c\000u\000m\000e\000n\000t\000a\000t\000i\000o\000n}{section.4.8}% 81
\BOOKMARK [3][-]{subsubsection.4.8.3.1}{\376\377\0004\000.\0008\000.\0003\000.\0001\000\040\000N\000a\000m\000e}{subsection.4.8.3}% 82
\BOOKMARK [3][-]{subsubsection.4.8.3.2}{\376\377\0004\000.\0008\000.\0003\000.\0002\000\040\000D\000e\000s\000c\000r\000i\000p\000t\000i\000o\000n}{subsection.4.8.3}% 83
\BOOKMARK [3][-]{subsubsection.4.8.3.3}{\376\377\0004\000.\0008\000.\0003\000.\0003\000\040\000I\000s\000C\000o\000n\000s\000u\000m\000a\000b\000l\000e}{subsection.4.8.3}% 84
\BOOKMARK [3][-]{subsubsection.4.8.3.4}{\376\377\0004\000.\0008\000.\0003\000.\0004\000\040\000P\000r\000i\000c\000e}{subsection.4.8.3}% 85
\BOOKMARK [3][-]{subsubsection.4.8.3.5}{\376\377\0004\000.\0008\000.\0003\000.\0005\000\040\000L\000o\000c\000a\000l\000i\000z\000e\000d\000P\000r\000i\000c\000e}{subsection.4.8.3}% 86
\BOOKMARK [3][-]{subsubsection.4.8.3.6}{\376\377\0004\000.\0008\000.\0003\000.\0006\000\040\000P\000r\000o\000d\000u\000c\000t\000I\000d\000e\000n\000t\000i\000f\000i\000e\000r}{subsection.4.8.3}% 87
\BOOKMARK [1][-]{section.4.9}{\376\377\0004\000.\0009\000\040\000B\000i\000l\000l\000i\000n\000g\000S\000e\000t\000t\000i\000n\000g\000s}{chapter.4}% 88
\BOOKMARK [2][-]{subsection.4.9.1}{\376\377\0004\000.\0009\000.\0001\000\040\000D\000e\000t\000a\000i\000l\000e\000d\000\040\000D\000e\000s\000c\000r\000i\000p\000t\000i\000o\000n}{section.4.9}% 89
\BOOKMARK [2][-]{subsection.4.9.2}{\376\377\0004\000.\0009\000.\0002\000\040\000P\000r\000o\000p\000e\000r\000t\000y\000\040\000D\000o\000c\000u\000m\000e\000n\000t\000a\000t\000i\000o\000n}{section.4.9}% 90
\BOOKMARK [3][-]{subsubsection.4.9.2.1}{\376\377\0004\000.\0009\000.\0002\000.\0001\000\040\000P\000r\000o\000d\000u\000c\000t\000s}{subsection.4.9.2}% 91
\BOOKMARK [3][-]{subsubsection.4.9.2.2}{\376\377\0004\000.\0009\000.\0002\000.\0002\000\040\000i\000O\000S}{subsection.4.9.2}% 92
\BOOKMARK [3][-]{subsubsection.4.9.2.3}{\376\377\0004\000.\0009\000.\0002\000.\0003\000\040\000A\000n\000d\000r\000o\000i\000d}{subsection.4.9.2}% 93
\BOOKMARK [1][-]{section.4.10}{\376\377\0004\000.\0001\0000\000\040\000B\000i\000l\000l\000i\000n\000g\000T\000r\000a\000n\000s\000a\000c\000t\000i\000o\000n}{chapter.4}% 94
\BOOKMARK [2][-]{subsection.4.10.1}{\376\377\0004\000.\0001\0000\000.\0001\000\040\000D\000e\000t\000a\000i\000l\000e\000d\000\040\000D\000e\000s\000c\000r\000i\000p\000t\000i\000o\000n}{section.4.10}% 95
\BOOKMARK [2][-]{subsection.4.10.2}{\376\377\0004\000.\0001\0000\000.\0002\000\040\000P\000r\000o\000p\000e\000r\000t\000y\000\040\000D\000o\000c\000u\000m\000e\000n\000t\000a\000t\000i\000o\000n}{section.4.10}% 96
\BOOKMARK [3][-]{subsubsection.4.10.2.1}{\376\377\0004\000.\0001\0000\000.\0002\000.\0001\000\040\000P\000r\000o\000d\000u\000c\000t\000I\000d\000e\000n\000t\000i\000f\000i\000e\000r}{subsection.4.10.2}% 97
\BOOKMARK [3][-]{subsubsection.4.10.2.2}{\376\377\0004\000.\0001\0000\000.\0002\000.\0002\000\040\000T\000r\000a\000n\000s\000a\000c\000t\000i\000o\000n\000D\000a\000t\000e\000U\000T\000C}{subsection.4.10.2}% 98
\BOOKMARK [3][-]{subsubsection.4.10.2.3}{\376\377\0004\000.\0001\0000\000.\0002\000.\0003\000\040\000T\000r\000a\000n\000s\000a\000c\000t\000i\000o\000n\000D\000a\000t\000e\000L\000o\000c\000a\000l}{subsection.4.10.2}% 99
\BOOKMARK [3][-]{subsubsection.4.10.2.4}{\376\377\0004\000.\0001\0000\000.\0002\000.\0004\000\040\000T\000r\000a\000n\000s\000a\000c\000t\000i\000o\000n\000I\000d\000e\000n\000t\000i\000f\000i\000e\000r}{subsection.4.10.2}% 100
\BOOKMARK [3][-]{subsubsection.4.10.2.5}{\376\377\0004\000.\0001\0000\000.\0002\000.\0005\000\040\000T\000r\000a\000n\000s\000a\000c\000t\000i\000o\000n\000R\000e\000c\000e\000i\000p\000t}{subsection.4.10.2}% 101
\BOOKMARK [3][-]{subsubsection.4.10.2.6}{\376\377\0004\000.\0001\0000\000.\0002\000.\0006\000\040\000T\000r\000a\000n\000s\000a\000c\000t\000i\000o\000n\000S\000t\000a\000t\000e}{subsection.4.10.2}% 102
\BOOKMARK [3][-]{subsubsection.4.10.2.7}{\376\377\0004\000.\0001\0000\000.\0002\000.\0007\000\040\000V\000e\000r\000i\000f\000i\000c\000a\000t\000i\000o\000n\000S\000t\000a\000t\000e}{subsection.4.10.2}% 103
\BOOKMARK [3][-]{subsubsection.4.10.2.8}{\376\377\0004\000.\0001\0000\000.\0002\000.\0008\000\040\000E\000r\000r\000o\000r}{subsection.4.10.2}% 104
\BOOKMARK [3][-]{subsubsection.4.10.2.9}{\376\377\0004\000.\0001\0000\000.\0002\000.\0009\000\040\000R\000a\000w\000P\000u\000r\000c\000h\000a\000s\000e\000D\000a\000t\000a}{subsection.4.10.2}% 105
\BOOKMARK [1][-]{section.4.11}{\376\377\0004\000.\0001\0001\000\040\000C\000r\000o\000s\000s\000P\000l\000a\000t\000f\000o\000r\000m\000N\000o\000t\000i\000f\000i\000c\000a\000t\000i\000o\000n}{chapter.4}% 106
\BOOKMARK [2][-]{subsection.4.11.1}{\376\377\0004\000.\0001\0001\000.\0001\000\040\000D\000e\000t\000a\000i\000l\000e\000d\000\040\000D\000e\000s\000c\000r\000i\000p\000t\000i\000o\000n}{section.4.11}% 107
\BOOKMARK [2][-]{subsection.4.11.2}{\376\377\0004\000.\0001\0001\000.\0002\000\040\000M\000e\000m\000b\000e\000r\000\040\000F\000u\000n\000c\000t\000i\000o\000n\000\040\000D\000o\000c\000u\000m\000e\000n\000t\000a\000t\000i\000o\000n}{section.4.11}% 108
\BOOKMARK [3][-]{subsubsection.4.11.2.1}{\376\377\0004\000.\0001\0001\000.\0002\000.\0001\000\040\000T\000o\000S\000t\000r\000i\000n\000g}{subsection.4.11.2}% 109
\BOOKMARK [2][-]{subsection.4.11.3}{\376\377\0004\000.\0001\0001\000.\0003\000\040\000P\000r\000o\000p\000e\000r\000t\000y\000\040\000D\000o\000c\000u\000m\000e\000n\000t\000a\000t\000i\000o\000n}{section.4.11}% 110
\BOOKMARK [3][-]{subsubsection.4.11.3.1}{\376\377\0004\000.\0001\0001\000.\0003\000.\0001\000\040\000A\000l\000e\000r\000t\000B\000o\000d\000y}{subsection.4.11.3}% 111
\BOOKMARK [3][-]{subsubsection.4.11.3.2}{\376\377\0004\000.\0001\0001\000.\0003\000.\0002\000\040\000F\000i\000r\000e\000D\000a\000t\000e}{subsection.4.11.3}% 112
\BOOKMARK [3][-]{subsubsection.4.11.3.3}{\376\377\0004\000.\0001\0001\000.\0003\000.\0003\000\040\000U\000s\000e\000r\000I\000n\000f\000o}{subsection.4.11.3}% 113
\BOOKMARK [3][-]{subsubsection.4.11.3.4}{\376\377\0004\000.\0001\0001\000.\0003\000.\0004\000\040\000i\000O\000S\000P\000r\000o\000p\000e\000r\000t\000i\000e\000s}{subsection.4.11.3}% 114
\BOOKMARK [3][-]{subsubsection.4.11.3.5}{\376\377\0004\000.\0001\0001\000.\0003\000.\0005\000\040\000A\000n\000d\000r\000o\000i\000d\000P\000r\000o\000p\000e\000r\000t\000i\000e\000s}{subsection.4.11.3}% 115
\BOOKMARK [1][-]{section.4.12}{\376\377\0004\000.\0001\0002\000\040\000N\000e\000t\000w\000o\000r\000k\000C\000o\000n\000n\000e\000c\000t\000i\000v\000i\000t\000y\000S\000e\000t\000t\000i\000n\000g\000s\000.\000E\000d\000i\000t\000o\000r\000S\000e\000t\000t\000i\000n\000g\000s}{chapter.4}% 116
\BOOKMARK [2][-]{subsection.4.12.1}{\376\377\0004\000.\0001\0002\000.\0001\000\040\000D\000e\000t\000a\000i\000l\000e\000d\000\040\000D\000e\000s\000c\000r\000i\000p\000t\000i\000o\000n}{section.4.12}% 117
\BOOKMARK [2][-]{subsection.4.12.2}{\376\377\0004\000.\0001\0002\000.\0002\000\040\000P\000r\000o\000p\000e\000r\000t\000y\000\040\000D\000o\000c\000u\000m\000e\000n\000t\000a\000t\000i\000o\000n}{section.4.12}% 118
\BOOKMARK [3][-]{subsubsection.4.12.2.1}{\376\377\0004\000.\0001\0002\000.\0002\000.\0001\000\040\000T\000i\000m\000e\000O\000u\000t\000P\000e\000r\000i\000o\000d}{subsection.4.12.2}% 119
\BOOKMARK [3][-]{subsubsection.4.12.2.2}{\376\377\0004\000.\0001\0002\000.\0002\000.\0002\000\040\000M\000a\000x\000R\000e\000t\000r\000y\000C\000o\000u\000n\000t}{subsection.4.12.2}% 120
\BOOKMARK [3][-]{subsubsection.4.12.2.3}{\376\377\0004\000.\0001\0002\000.\0002\000.\0003\000\040\000T\000i\000m\000e\000G\000a\000p\000B\000e\000t\000w\000e\000e\000n\000P\000o\000l\000l\000i\000n\000g}{subsection.4.12.2}% 121
\BOOKMARK [1][-]{section.4.13}{\376\377\0004\000.\0001\0003\000\040\000B\000i\000l\000l\000i\000n\000g\000S\000e\000t\000t\000i\000n\000g\000s\000.\000i\000O\000S\000S\000e\000t\000t\000i\000n\000g\000s}{chapter.4}% 122
\BOOKMARK [2][-]{subsection.4.13.1}{\376\377\0004\000.\0001\0003\000.\0001\000\040\000D\000e\000t\000a\000i\000l\000e\000d\000\040\000D\000e\000s\000c\000r\000i\000p\000t\000i\000o\000n}{section.4.13}% 123
\BOOKMARK [2][-]{subsection.4.13.2}{\376\377\0004\000.\0001\0003\000.\0002\000\040\000P\000r\000o\000p\000e\000r\000t\000y\000\040\000D\000o\000c\000u\000m\000e\000n\000t\000a\000t\000i\000o\000n}{section.4.13}% 124
\BOOKMARK [3][-]{subsubsection.4.13.2.1}{\376\377\0004\000.\0001\0003\000.\0002\000.\0001\000\040\000S\000u\000p\000p\000o\000r\000t\000s\000R\000e\000c\000e\000i\000p\000t\000V\000a\000l\000i\000d\000a\000t\000i\000o\000n}{subsection.4.13.2}% 125
\BOOKMARK [3][-]{subsubsection.4.13.2.2}{\376\377\0004\000.\0001\0003\000.\0002\000.\0002\000\040\000V\000a\000l\000i\000d\000a\000t\000e\000U\000s\000i\000n\000g\000A\000p\000p\000l\000e\000S\000e\000r\000v\000e\000r}{subsection.4.13.2}% 126
\BOOKMARK [3][-]{subsubsection.4.13.2.3}{\376\377\0004\000.\0001\0003\000.\0002\000.\0003\000\040\000V\000a\000l\000i\000d\000a\000t\000e\000U\000s\000i\000n\000g\000S\000e\000r\000v\000e\000r\000U\000R\000L}{subsection.4.13.2}% 127
\BOOKMARK [1][-]{section.4.14}{\376\377\0004\000.\0001\0004\000\040\000N\000o\000t\000i\000f\000i\000c\000a\000t\000i\000o\000n\000S\000e\000r\000v\000i\000c\000e\000S\000e\000t\000t\000i\000n\000g\000s\000.\000i\000O\000S\000S\000e\000t\000t\000i\000n\000g\000s}{chapter.4}% 128
\BOOKMARK [2][-]{subsection.4.14.1}{\376\377\0004\000.\0001\0004\000.\0001\000\040\000D\000e\000t\000a\000i\000l\000e\000d\000\040\000D\000e\000s\000c\000r\000i\000p\000t\000i\000o\000n}{section.4.14}% 129
\BOOKMARK [2][-]{subsection.4.14.2}{\376\377\0004\000.\0001\0004\000.\0002\000\040\000P\000r\000o\000p\000e\000r\000t\000y\000\040\000D\000o\000c\000u\000m\000e\000n\000t\000a\000t\000i\000o\000n}{section.4.14}% 130
\BOOKMARK [3][-]{subsubsection.4.14.2.1}{\376\377\0004\000.\0001\0004\000.\0002\000.\0001\000\040\000U\000s\000e\000r\000I\000n\000f\000o\000K\000e\000y}{subsection.4.14.2}% 131
\BOOKMARK [1][-]{section.4.15}{\376\377\0004\000.\0001\0005\000\040\000M\000e\000d\000i\000a\000L\000i\000b\000r\000a\000r\000y}{chapter.4}% 132
\BOOKMARK [2][-]{subsection.4.15.1}{\376\377\0004\000.\0001\0005\000.\0001\000\040\000D\000e\000t\000a\000i\000l\000e\000d\000\040\000D\000e\000s\000c\000r\000i\000p\000t\000i\000o\000n}{section.4.15}% 133
\BOOKMARK [2][-]{subsection.4.15.2}{\376\377\0004\000.\0001\0005\000.\0002\000\040\000M\000e\000m\000b\000e\000r\000\040\000F\000u\000n\000c\000t\000i\000o\000n\000\040\000D\000o\000c\000u\000m\000e\000n\000t\000a\000t\000i\000o\000n}{section.4.15}% 134
\BOOKMARK [3][-]{subsubsection.4.15.2.1}{\376\377\0004\000.\0001\0005\000.\0002\000.\0001\000\040\000I\000s\000C\000a\000m\000e\000r\000a\000S\000u\000p\000p\000o\000r\000t\000e\000d}{subsection.4.15.2}% 135
\BOOKMARK [3][-]{subsubsection.4.15.2.2}{\376\377\0004\000.\0001\0005\000.\0002\000.\0002\000\040\000P\000i\000c\000k\000I\000m\000a\000g\000e}{subsection.4.15.2}% 136
\BOOKMARK [3][-]{subsubsection.4.15.2.3}{\376\377\0004\000.\0001\0005\000.\0002\000.\0003\000\040\000S\000a\000v\000e\000S\000c\000r\000e\000e\000n\000s\000h\000o\000t\000T\000o\000G\000a\000l\000l\000e\000r\000y}{subsection.4.15.2}% 137
\BOOKMARK [3][-]{subsubsection.4.15.2.4}{\376\377\0004\000.\0001\0005\000.\0002\000.\0004\000\040\000S\000a\000v\000e\000I\000m\000a\000g\000e\000T\000o\000G\000a\000l\000l\000e\000r\000y}{subsection.4.15.2}% 138
\BOOKMARK [3][-]{subsubsection.4.15.2.5}{\376\377\0004\000.\0001\0005\000.\0002\000.\0005\000\040\000S\000a\000v\000e\000I\000m\000a\000g\000e\000T\000o\000G\000a\000l\000l\000e\000r\000y}{subsection.4.15.2}% 139
\BOOKMARK [3][-]{subsubsection.4.15.2.6}{\376\377\0004\000.\0001\0005\000.\0002\000.\0006\000\040\000S\000a\000v\000e\000I\000m\000a\000g\000e\000T\000o\000G\000a\000l\000l\000e\000r\000y}{subsection.4.15.2}% 140
\BOOKMARK [3][-]{subsubsection.4.15.2.7}{\376\377\0004\000.\0001\0005\000.\0002\000.\0007\000\040\000P\000l\000a\000y\000Y\000o\000u\000t\000u\000b\000e\000V\000i\000d\000e\000o}{subsection.4.15.2}% 141
\BOOKMARK [3][-]{subsubsection.4.15.2.8}{\376\377\0004\000.\0001\0005\000.\0002\000.\0008\000\040\000P\000l\000a\000y\000E\000m\000b\000e\000d\000d\000e\000d\000V\000i\000d\000e\000o}{subsection.4.15.2}% 142
\BOOKMARK [3][-]{subsubsection.4.15.2.9}{\376\377\0004\000.\0001\0005\000.\0002\000.\0009\000\040\000P\000l\000a\000y\000V\000i\000d\000e\000o\000F\000r\000o\000m\000U\000R\000L}{subsection.4.15.2}% 143
\BOOKMARK [3][-]{subsubsection.4.15.2.10}{\376\377\0004\000.\0001\0005\000.\0002\000.\0001\0000\000\040\000P\000l\000a\000y\000V\000i\000d\000e\000o\000F\000r\000o\000m\000G\000a\000l\000l\000e\000r\000y}{subsection.4.15.2}% 144
\BOOKMARK [3][-]{subsubsection.4.15.2.11}{\376\377\0004\000.\0001\0005\000.\0002\000.\0001\0001\000\040\000P\000i\000c\000k\000I\000m\000a\000g\000e\000C\000o\000m\000p\000l\000e\000t\000i\000o\000n}{subsection.4.15.2}% 145
\BOOKMARK [3][-]{subsubsection.4.15.2.12}{\376\377\0004\000.\0001\0005\000.\0002\000.\0001\0002\000\040\000S\000a\000v\000e\000I\000m\000a\000g\000e\000T\000o\000G\000a\000l\000l\000e\000r\000y\000C\000o\000m\000p\000l\000e\000t\000i\000o\000n}{subsection.4.15.2}% 146
\BOOKMARK [3][-]{subsubsection.4.15.2.13}{\376\377\0004\000.\0001\0005\000.\0002\000.\0001\0003\000\040\000P\000i\000c\000k\000V\000i\000d\000e\000o\000C\000o\000m\000p\000l\000e\000t\000i\000o\000n}{subsection.4.15.2}% 147
\BOOKMARK [3][-]{subsubsection.4.15.2.14}{\376\377\0004\000.\0001\0005\000.\0002\000.\0001\0004\000\040\000P\000l\000a\000y\000V\000i\000d\000e\000o\000C\000o\000m\000p\000l\000e\000t\000i\000o\000n}{subsection.4.15.2}% 148
\BOOKMARK [1][-]{section.4.16}{\376\377\0004\000.\0001\0006\000\040\000M\000e\000d\000i\000a\000L\000i\000b\000r\000a\000r\000y\000S\000e\000t\000t\000i\000n\000g\000s}{chapter.4}% 149
\BOOKMARK [2][-]{subsection.4.16.1}{\376\377\0004\000.\0001\0006\000.\0001\000\040\000D\000e\000t\000a\000i\000l\000e\000d\000\040\000D\000e\000s\000c\000r\000i\000p\000t\000i\000o\000n}{section.4.16}% 150
\BOOKMARK [2][-]{subsection.4.16.2}{\376\377\0004\000.\0001\0006\000.\0002\000\040\000P\000r\000o\000p\000e\000r\000t\000y\000\040\000D\000o\000c\000u\000m\000e\000n\000t\000a\000t\000i\000o\000n}{section.4.16}% 151
\BOOKMARK [3][-]{subsubsection.4.16.2.1}{\376\377\0004\000.\0001\0006\000.\0002\000.\0001\000\040\000A\000n\000d\000r\000o\000i\000d}{subsection.4.16.2}% 152
\BOOKMARK [1][-]{section.4.17}{\376\377\0004\000.\0001\0007\000\040\000N\000e\000t\000w\000o\000r\000k\000C\000o\000n\000n\000e\000c\000t\000i\000v\000i\000t\000y}{chapter.4}% 153
\BOOKMARK [2][-]{subsection.4.17.1}{\376\377\0004\000.\0001\0007\000.\0001\000\040\000D\000e\000t\000a\000i\000l\000e\000d\000\040\000D\000e\000s\000c\000r\000i\000p\000t\000i\000o\000n}{section.4.17}% 154
\BOOKMARK [2][-]{subsection.4.17.2}{\376\377\0004\000.\0001\0007\000.\0002\000\040\000M\000e\000m\000b\000e\000r\000\040\000F\000u\000n\000c\000t\000i\000o\000n\000\040\000D\000o\000c\000u\000m\000e\000n\000t\000a\000t\000i\000o\000n}{section.4.17}% 155
\BOOKMARK [3][-]{subsubsection.4.17.2.1}{\376\377\0004\000.\0001\0007\000.\0002\000.\0001\000\040\000N\000e\000t\000w\000o\000r\000k\000C\000o\000n\000n\000e\000c\000t\000i\000v\000i\000t\000y\000C\000h\000a\000n\000g\000e\000d}{subsection.4.17.2}% 156
\BOOKMARK [2][-]{subsection.4.17.3}{\376\377\0004\000.\0001\0007\000.\0003\000\040\000P\000r\000o\000p\000e\000r\000t\000y\000\040\000D\000o\000c\000u\000m\000e\000n\000t\000a\000t\000i\000o\000n}{section.4.17}% 157
\BOOKMARK [3][-]{subsubsection.4.17.3.1}{\376\377\0004\000.\0001\0007\000.\0003\000.\0001\000\040\000I\000s\000C\000o\000n\000n\000e\000c\000t\000e\000d}{subsection.4.17.3}% 158
\BOOKMARK [2][-]{subsection.4.17.4}{\376\377\0004\000.\0001\0007\000.\0004\000\040\000E\000v\000e\000n\000t\000\040\000D\000o\000c\000u\000m\000e\000n\000t\000a\000t\000i\000o\000n}{section.4.17}% 159
\BOOKMARK [3][-]{subsubsection.4.17.4.1}{\376\377\0004\000.\0001\0007\000.\0004\000.\0001\000\040\000N\000e\000t\000w\000o\000r\000k\000C\000o\000n\000n\000e\000c\000t\000i\000v\000i\000t\000y\000C\000h\000a\000n\000g\000e\000d\000E\000v\000e\000n\000t}{subsection.4.17.4}% 160
\BOOKMARK [1][-]{section.4.18}{\376\377\0004\000.\0001\0008\000\040\000N\000e\000t\000w\000o\000r\000k\000C\000o\000n\000n\000e\000c\000t\000i\000v\000i\000t\000y\000S\000e\000t\000t\000i\000n\000g\000s}{chapter.4}% 161
\BOOKMARK [2][-]{subsection.4.18.1}{\376\377\0004\000.\0001\0008\000.\0001\000\040\000D\000e\000t\000a\000i\000l\000e\000d\000\040\000D\000e\000s\000c\000r\000i\000p\000t\000i\000o\000n}{section.4.18}% 162
\BOOKMARK [2][-]{subsection.4.18.2}{\376\377\0004\000.\0001\0008\000.\0002\000\040\000P\000r\000o\000p\000e\000r\000t\000y\000\040\000D\000o\000c\000u\000m\000e\000n\000t\000a\000t\000i\000o\000n}{section.4.18}% 163
\BOOKMARK [3][-]{subsubsection.4.18.2.1}{\376\377\0004\000.\0001\0008\000.\0002\000.\0001\000\040\000H\000o\000s\000t\000N\000a\000m\000e}{subsection.4.18.2}% 164
\BOOKMARK [3][-]{subsubsection.4.18.2.2}{\376\377\0004\000.\0001\0008\000.\0002\000.\0002\000\040\000E\000d\000i\000t\000o\000r}{subsection.4.18.2}% 165
\BOOKMARK [3][-]{subsubsection.4.18.2.3}{\376\377\0004\000.\0001\0008\000.\0002\000.\0003\000\040\000A\000n\000d\000r\000o\000i\000d}{subsection.4.18.2}% 166
\BOOKMARK [1][-]{section.4.19}{\376\377\0004\000.\0001\0009\000\040\000N\000o\000t\000i\000f\000i\000c\000a\000t\000i\000o\000n\000S\000e\000r\000v\000i\000c\000e}{chapter.4}% 167
\BOOKMARK [2][-]{subsection.4.19.1}{\376\377\0004\000.\0001\0009\000.\0001\000\040\000D\000e\000t\000a\000i\000l\000e\000d\000\040\000D\000e\000s\000c\000r\000i\000p\000t\000i\000o\000n}{section.4.19}% 168
\BOOKMARK [2][-]{subsection.4.19.2}{\376\377\0004\000.\0001\0009\000.\0002\000\040\000M\000e\000m\000b\000e\000r\000\040\000F\000u\000n\000c\000t\000i\000o\000n\000\040\000D\000o\000c\000u\000m\000e\000n\000t\000a\000t\000i\000o\000n}{section.4.19}% 169
\BOOKMARK [3][-]{subsubsection.4.19.2.1}{\376\377\0004\000.\0001\0009\000.\0002\000.\0001\000\040\000R\000e\000g\000i\000s\000t\000e\000r\000N\000o\000t\000i\000f\000i\000c\000a\000t\000i\000o\000n\000T\000y\000p\000e\000s}{subsection.4.19.2}% 170
\BOOKMARK [3][-]{subsubsection.4.19.2.2}{\376\377\0004\000.\0001\0009\000.\0002\000.\0002\000\040\000S\000c\000h\000e\000d\000u\000l\000e\000L\000o\000c\000a\000l\000N\000o\000t\000i\000f\000i\000c\000a\000t\000i\000o\000n}{subsection.4.19.2}% 171
\BOOKMARK [3][-]{subsubsection.4.19.2.3}{\376\377\0004\000.\0001\0009\000.\0002\000.\0003\000\040\000C\000a\000n\000c\000e\000l\000L\000o\000c\000a\000l\000N\000o\000t\000i\000f\000i\000c\000a\000t\000i\000o\000n}{subsection.4.19.2}% 172
\BOOKMARK [3][-]{subsubsection.4.19.2.4}{\376\377\0004\000.\0001\0009\000.\0002\000.\0004\000\040\000C\000a\000n\000c\000e\000l\000A\000l\000l\000L\000o\000c\000a\000l\000N\000o\000t\000i\000f\000i\000c\000a\000t\000i\000o\000n}{subsection.4.19.2}% 173
\BOOKMARK [3][-]{subsubsection.4.19.2.5}{\376\377\0004\000.\0001\0009\000.\0002\000.\0005\000\040\000C\000l\000e\000a\000r\000N\000o\000t\000i\000f\000i\000c\000a\000t\000i\000o\000n\000s}{subsection.4.19.2}% 174
\BOOKMARK [3][-]{subsubsection.4.19.2.6}{\376\377\0004\000.\0001\0009\000.\0002\000.\0006\000\040\000R\000e\000g\000i\000s\000t\000e\000r\000F\000o\000r\000R\000e\000m\000o\000t\000e\000N\000o\000t\000i\000f\000i\000c\000a\000t\000i\000o\000n\000s}{subsection.4.19.2}% 175
\BOOKMARK [3][-]{subsubsection.4.19.2.7}{\376\377\0004\000.\0001\0009\000.\0002\000.\0007\000\040\000U\000n\000r\000e\000g\000i\000s\000t\000e\000r\000F\000o\000r\000R\000e\000m\000o\000t\000e\000N\000o\000t\000i\000f\000i\000c\000a\000t\000i\000o\000n\000s}{subsection.4.19.2}% 176
\BOOKMARK [3][-]{subsubsection.4.19.2.8}{\376\377\0004\000.\0001\0009\000.\0002\000.\0008\000\040\000R\000e\000g\000i\000s\000t\000e\000r\000F\000o\000r\000R\000e\000m\000o\000t\000e\000N\000o\000t\000i\000f\000i\000c\000a\000t\000i\000o\000n\000C\000o\000m\000p\000l\000e\000t\000i\000o\000n}{subsection.4.19.2}% 177
\BOOKMARK [3][-]{subsubsection.4.19.2.9}{\376\377\0004\000.\0001\0009\000.\0002\000.\0009\000\040\000R\000e\000c\000e\000i\000v\000e\000d\000N\000o\000t\000i\000f\000i\000c\000a\000t\000i\000o\000n\000R\000e\000s\000p\000o\000n\000s\000e}{subsection.4.19.2}% 178
\BOOKMARK [2][-]{subsection.4.19.3}{\376\377\0004\000.\0001\0009\000.\0003\000\040\000E\000v\000e\000n\000t\000\040\000D\000o\000c\000u\000m\000e\000n\000t\000a\000t\000i\000o\000n}{section.4.19}% 179
\BOOKMARK [3][-]{subsubsection.4.19.3.1}{\376\377\0004\000.\0001\0009\000.\0003\000.\0001\000\040\000D\000i\000d\000F\000i\000n\000i\000s\000h\000R\000e\000g\000i\000s\000t\000e\000r\000F\000o\000r\000R\000e\000m\000o\000t\000e\000N\000o\000t\000i\000f\000i\000c\000a\000t\000i\000o\000n\000E\000v\000e\000n\000t}{subsection.4.19.3}% 180
\BOOKMARK [3][-]{subsubsection.4.19.3.2}{\376\377\0004\000.\0001\0009\000.\0003\000.\0002\000\040\000D\000i\000d\000R\000e\000c\000e\000i\000v\000e\000L\000o\000c\000a\000l\000N\000o\000t\000i\000f\000i\000c\000a\000t\000i\000o\000n\000E\000v\000e\000n\000t}{subsection.4.19.3}% 181
\BOOKMARK [3][-]{subsubsection.4.19.3.3}{\376\377\0004\000.\0001\0009\000.\0003\000.\0003\000\040\000D\000i\000d\000R\000e\000c\000e\000i\000v\000e\000R\000e\000m\000o\000t\000e\000N\000o\000t\000i\000f\000i\000c\000a\000t\000i\000o\000n\000E\000v\000e\000n\000t}{subsection.4.19.3}% 182
\BOOKMARK [1][-]{section.4.20}{\376\377\0004\000.\0002\0000\000\040\000N\000o\000t\000i\000f\000i\000c\000a\000t\000i\000o\000n\000S\000e\000r\000v\000i\000c\000e\000S\000e\000t\000t\000i\000n\000g\000s}{chapter.4}% 183
\BOOKMARK [2][-]{subsection.4.20.1}{\376\377\0004\000.\0002\0000\000.\0001\000\040\000D\000e\000t\000a\000i\000l\000e\000d\000\040\000D\000e\000s\000c\000r\000i\000p\000t\000i\000o\000n}{section.4.20}% 184
\BOOKMARK [2][-]{subsection.4.20.2}{\376\377\0004\000.\0002\0000\000.\0002\000\040\000P\000r\000o\000p\000e\000r\000t\000y\000\040\000D\000o\000c\000u\000m\000e\000n\000t\000a\000t\000i\000o\000n}{section.4.20}% 185
\BOOKMARK [3][-]{subsubsection.4.20.2.1}{\376\377\0004\000.\0002\0000\000.\0002\000.\0001\000\040\000i\000O\000S}{subsection.4.20.2}% 186
\BOOKMARK [3][-]{subsubsection.4.20.2.2}{\376\377\0004\000.\0002\0000\000.\0002\000.\0002\000\040\000A\000n\000d\000r\000o\000i\000d}{subsection.4.20.2}% 187
\BOOKMARK [1][-]{section.4.21}{\376\377\0004\000.\0002\0001\000\040\000S\000h\000a\000r\000i\000n\000g}{chapter.4}% 188
\BOOKMARK [2][-]{subsection.4.21.1}{\376\377\0004\000.\0002\0001\000.\0001\000\040\000D\000e\000t\000a\000i\000l\000e\000d\000\040\000D\000e\000s\000c\000r\000i\000p\000t\000i\000o\000n}{section.4.21}% 189
\BOOKMARK [2][-]{subsection.4.21.2}{\376\377\0004\000.\0002\0001\000.\0002\000\040\000M\000e\000m\000b\000e\000r\000\040\000F\000u\000n\000c\000t\000i\000o\000n\000\040\000D\000o\000c\000u\000m\000e\000n\000t\000a\000t\000i\000o\000n}{section.4.21}% 190
\BOOKMARK [3][-]{subsubsection.4.21.2.1}{\376\377\0004\000.\0002\0001\000.\0002\000.\0001\000\040\000S\000h\000a\000r\000e\000T\000e\000x\000t\000M\000e\000s\000s\000a\000g\000e\000O\000n\000S\000o\000c\000i\000a\000l\000N\000e\000t\000w\000o\000r\000k}{subsection.4.21.2}% 191
\BOOKMARK [3][-]{subsubsection.4.21.2.2}{\376\377\0004\000.\0002\0001\000.\0002\000.\0002\000\040\000S\000h\000a\000r\000e\000U\000R\000L\000O\000n\000S\000o\000c\000i\000a\000l\000N\000e\000t\000w\000o\000r\000k}{subsection.4.21.2}% 192
\BOOKMARK [3][-]{subsubsection.4.21.2.3}{\376\377\0004\000.\0002\0001\000.\0002\000.\0003\000\040\000S\000h\000a\000r\000e\000S\000c\000r\000e\000e\000n\000S\000h\000o\000t\000O\000n\000S\000o\000c\000i\000a\000l\000N\000e\000t\000w\000o\000r\000k}{subsection.4.21.2}% 193
\BOOKMARK [3][-]{subsubsection.4.21.2.4}{\376\377\0004\000.\0002\0001\000.\0002\000.\0004\000\040\000S\000h\000a\000r\000e\000I\000m\000a\000g\000e\000O\000n\000S\000o\000c\000i\000a\000l\000N\000e\000t\000w\000o\000r\000k}{subsection.4.21.2}% 194
\BOOKMARK [3][-]{subsubsection.4.21.2.5}{\376\377\0004\000.\0002\0001\000.\0002\000.\0005\000\040\000S\000h\000a\000r\000e\000I\000m\000a\000g\000e\000O\000n\000S\000o\000c\000i\000a\000l\000N\000e\000t\000w\000o\000r\000k}{subsection.4.21.2}% 195
\BOOKMARK [3][-]{subsubsection.4.21.2.6}{\376\377\0004\000.\0002\0001\000.\0002\000.\0006\000\040\000S\000h\000a\000r\000e\000M\000e\000s\000s\000a\000g\000e}{subsection.4.21.2}% 196
\BOOKMARK [3][-]{subsubsection.4.21.2.7}{\376\377\0004\000.\0002\0001\000.\0002\000.\0007\000\040\000S\000h\000a\000r\000e\000U\000R\000L}{subsection.4.21.2}% 197
\BOOKMARK [3][-]{subsubsection.4.21.2.8}{\376\377\0004\000.\0002\0001\000.\0002\000.\0008\000\040\000S\000h\000a\000r\000e\000S\000c\000r\000e\000e\000n\000S\000h\000o\000t}{subsection.4.21.2}% 198
\BOOKMARK [3][-]{subsubsection.4.21.2.9}{\376\377\0004\000.\0002\0001\000.\0002\000.\0009\000\040\000S\000h\000a\000r\000e\000I\000m\000a\000g\000e}{subsection.4.21.2}% 199
\BOOKMARK [3][-]{subsubsection.4.21.2.10}{\376\377\0004\000.\0002\0001\000.\0002\000.\0001\0000\000\040\000S\000h\000a\000r\000e\000I\000m\000a\000g\000e\000A\000t\000P\000a\000t\000h}{subsection.4.21.2}% 200
\BOOKMARK [3][-]{subsubsection.4.21.2.11}{\376\377\0004\000.\0002\0001\000.\0002\000.\0001\0001\000\040\000S\000h\000a\000r\000e}{subsection.4.21.2}% 201
\BOOKMARK [3][-]{subsubsection.4.21.2.12}{\376\377\0004\000.\0002\0001\000.\0002\000.\0001\0002\000\040\000S\000h\000a\000r\000i\000n\000g\000C\000o\000m\000p\000l\000e\000t\000i\000o\000n}{subsection.4.21.2}% 202
\BOOKMARK [3][-]{subsubsection.4.21.2.13}{\376\377\0004\000.\0002\0001\000.\0002\000.\0001\0003\000\040\000I\000s\000M\000a\000i\000l\000S\000e\000r\000v\000i\000c\000e\000A\000v\000a\000i\000l\000a\000b\000l\000e}{subsection.4.21.2}% 203
\BOOKMARK [3][-]{subsubsection.4.21.2.14}{\376\377\0004\000.\0002\0001\000.\0002\000.\0001\0004\000\040\000S\000e\000n\000d\000P\000l\000a\000i\000n\000T\000e\000x\000t\000M\000a\000i\000l}{subsection.4.21.2}% 204
\BOOKMARK [3][-]{subsubsection.4.21.2.15}{\376\377\0004\000.\0002\0001\000.\0002\000.\0001\0005\000\040\000S\000e\000n\000d\000H\000T\000M\000L\000T\000e\000x\000t\000M\000a\000i\000l}{subsection.4.21.2}% 205
\BOOKMARK [3][-]{subsubsection.4.21.2.16}{\376\377\0004\000.\0002\0001\000.\0002\000.\0001\0006\000\040\000S\000e\000n\000d\000M\000a\000i\000l\000W\000i\000t\000h\000S\000c\000r\000e\000e\000n\000s\000h\000o\000t}{subsection.4.21.2}% 206
\BOOKMARK [3][-]{subsubsection.4.21.2.17}{\376\377\0004\000.\0002\0001\000.\0002\000.\0001\0007\000\040\000S\000e\000n\000d\000M\000a\000i\000l\000W\000i\000t\000h\000T\000e\000x\000t\000u\000r\000e}{subsection.4.21.2}% 207
\BOOKMARK [3][-]{subsubsection.4.21.2.18}{\376\377\0004\000.\0002\0001\000.\0002\000.\0001\0008\000\040\000S\000e\000n\000d\000M\000a\000i\000l\000W\000i\000t\000h\000A\000t\000t\000a\000c\000h\000m\000e\000n\000t}{subsection.4.21.2}% 208
\BOOKMARK [3][-]{subsubsection.4.21.2.19}{\376\377\0004\000.\0002\0001\000.\0002\000.\0001\0009\000\040\000S\000e\000n\000d\000M\000a\000i\000l}{subsection.4.21.2}% 209
\BOOKMARK [3][-]{subsubsection.4.21.2.20}{\376\377\0004\000.\0002\0001\000.\0002\000.\0002\0000\000\040\000I\000s\000M\000e\000s\000s\000a\000g\000i\000n\000g\000S\000e\000r\000v\000i\000c\000e\000A\000v\000a\000i\000l\000a\000b\000l\000e}{subsection.4.21.2}% 210
\BOOKMARK [3][-]{subsubsection.4.21.2.21}{\376\377\0004\000.\0002\0001\000.\0002\000.\0002\0001\000\040\000S\000e\000n\000d\000T\000e\000x\000t\000M\000e\000s\000s\000a\000g\000e}{subsection.4.21.2}% 211
\BOOKMARK [3][-]{subsubsection.4.21.2.22}{\376\377\0004\000.\0002\0001\000.\0002\000.\0002\0002\000\040\000I\000s\000W\000h\000a\000t\000s\000A\000p\000p\000S\000e\000r\000v\000i\000c\000e\000A\000v\000a\000i\000l\000a\000b\000l\000e}{subsection.4.21.2}% 212
\BOOKMARK [3][-]{subsubsection.4.21.2.23}{\376\377\0004\000.\0002\0001\000.\0002\000.\0002\0003\000\040\000S\000h\000a\000r\000e\000T\000e\000x\000t\000M\000e\000s\000s\000a\000g\000e\000O\000n\000W\000h\000a\000t\000s\000A\000p\000p}{subsection.4.21.2}% 213
\BOOKMARK [3][-]{subsubsection.4.21.2.24}{\376\377\0004\000.\0002\0001\000.\0002\000.\0002\0004\000\040\000S\000h\000a\000r\000e\000S\000c\000r\000e\000e\000n\000s\000h\000o\000t\000O\000n\000W\000h\000a\000t\000s\000A\000p\000p}{subsection.4.21.2}% 214
\BOOKMARK [3][-]{subsubsection.4.21.2.25}{\376\377\0004\000.\0002\0001\000.\0002\000.\0002\0005\000\040\000S\000h\000a\000r\000e\000I\000m\000a\000g\000e\000O\000n\000W\000h\000a\000t\000s\000A\000p\000p}{subsection.4.21.2}% 215
\BOOKMARK [3][-]{subsubsection.4.21.2.26}{\376\377\0004\000.\0002\0001\000.\0002\000.\0002\0006\000\040\000S\000h\000a\000r\000e\000I\000m\000a\000g\000e\000O\000n\000W\000h\000a\000t\000s\000A\000p\000p}{subsection.4.21.2}% 216
\BOOKMARK [3][-]{subsubsection.4.21.2.27}{\376\377\0004\000.\0002\0001\000.\0002\000.\0002\0007\000\040\000S\000h\000a\000r\000e\000I\000m\000a\000g\000e\000O\000n\000W\000h\000a\000t\000s\000A\000p\000p}{subsection.4.21.2}% 217
\BOOKMARK [1][-]{section.4.22}{\376\377\0004\000.\0002\0002\000\040\000T\000w\000i\000t\000t\000e\000r}{chapter.4}% 218
\BOOKMARK [2][-]{subsection.4.22.1}{\376\377\0004\000.\0002\0002\000.\0001\000\040\000D\000e\000t\000a\000i\000l\000e\000d\000\040\000D\000e\000s\000c\000r\000i\000p\000t\000i\000o\000n}{section.4.22}% 219
\BOOKMARK [2][-]{subsection.4.22.2}{\376\377\0004\000.\0002\0002\000.\0002\000\040\000M\000e\000m\000b\000e\000r\000\040\000F\000u\000n\000c\000t\000i\000o\000n\000\040\000D\000o\000c\000u\000m\000e\000n\000t\000a\000t\000i\000o\000n}{section.4.22}% 220
\BOOKMARK [3][-]{subsubsection.4.22.2.1}{\376\377\0004\000.\0002\0002\000.\0002\000.\0001\000\040\000L\000o\000g\000i\000n}{subsection.4.22.2}% 221
\BOOKMARK [3][-]{subsubsection.4.22.2.2}{\376\377\0004\000.\0002\0002\000.\0002\000.\0002\000\040\000L\000o\000g\000o\000u\000t}{subsection.4.22.2}% 222
\BOOKMARK [3][-]{subsubsection.4.22.2.3}{\376\377\0004\000.\0002\0002\000.\0002\000.\0003\000\040\000I\000s\000L\000o\000g\000g\000e\000d\000I\000n}{subsection.4.22.2}% 223
\BOOKMARK [3][-]{subsubsection.4.22.2.4}{\376\377\0004\000.\0002\0002\000.\0002\000.\0004\000\040\000G\000e\000t\000A\000u\000t\000h\000T\000o\000k\000e\000n}{subsection.4.22.2}% 224
\BOOKMARK [3][-]{subsubsection.4.22.2.5}{\376\377\0004\000.\0002\0002\000.\0002\000.\0005\000\040\000G\000e\000t\000A\000u\000t\000h\000T\000o\000k\000e\000n\000S\000e\000c\000r\000e\000t}{subsection.4.22.2}% 225
\BOOKMARK [3][-]{subsubsection.4.22.2.6}{\376\377\0004\000.\0002\0002\000.\0002\000.\0006\000\040\000G\000e\000t\000U\000s\000e\000r\000I\000D}{subsection.4.22.2}% 226
\BOOKMARK [3][-]{subsubsection.4.22.2.7}{\376\377\0004\000.\0002\0002\000.\0002\000.\0007\000\040\000G\000e\000t\000U\000s\000e\000r\000N\000a\000m\000e}{subsection.4.22.2}% 227
\BOOKMARK [3][-]{subsubsection.4.22.2.8}{\376\377\0004\000.\0002\0002\000.\0002\000.\0008\000\040\000S\000h\000o\000w\000T\000w\000e\000e\000t\000C\000o\000m\000p\000o\000s\000e\000r\000W\000i\000t\000h\000M\000e\000s\000s\000a\000g\000e}{subsection.4.22.2}% 228
\BOOKMARK [3][-]{subsubsection.4.22.2.9}{\376\377\0004\000.\0002\0002\000.\0002\000.\0009\000\040\000S\000h\000o\000w\000T\000w\000e\000e\000t\000C\000o\000m\000p\000o\000s\000e\000r\000W\000i\000t\000h\000S\000c\000r\000e\000e\000n\000s\000h\000o\000t}{subsection.4.22.2}% 229
\BOOKMARK [3][-]{subsubsection.4.22.2.10}{\376\377\0004\000.\0002\0002\000.\0002\000.\0001\0000\000\040\000S\000h\000o\000w\000T\000w\000e\000e\000t\000C\000o\000m\000p\000o\000s\000e\000r\000W\000i\000t\000h\000I\000m\000a\000g\000e}{subsection.4.22.2}% 230
\BOOKMARK [3][-]{subsubsection.4.22.2.11}{\376\377\0004\000.\0002\0002\000.\0002\000.\0001\0001\000\040\000S\000h\000o\000w\000T\000w\000e\000e\000t\000C\000o\000m\000p\000o\000s\000e\000r\000W\000i\000t\000h\000L\000i\000n\000k}{subsection.4.22.2}% 231
\BOOKMARK [3][-]{subsubsection.4.22.2.12}{\376\377\0004\000.\0002\0002\000.\0002\000.\0001\0002\000\040\000S\000h\000o\000w\000T\000w\000e\000e\000t\000C\000o\000m\000p\000o\000s\000e\000r}{subsection.4.22.2}% 232
\BOOKMARK [3][-]{subsubsection.4.22.2.13}{\376\377\0004\000.\0002\0002\000.\0002\000.\0001\0003\000\040\000R\000e\000q\000u\000e\000s\000t\000A\000c\000c\000o\000u\000n\000t\000D\000e\000t\000a\000i\000l\000s}{subsection.4.22.2}% 233
\BOOKMARK [3][-]{subsubsection.4.22.2.14}{\376\377\0004\000.\0002\0002\000.\0002\000.\0001\0004\000\040\000R\000e\000q\000u\000e\000s\000t\000E\000m\000a\000i\000l\000A\000c\000c\000e\000s\000s}{subsection.4.22.2}% 234
\BOOKMARK [3][-]{subsubsection.4.22.2.15}{\376\377\0004\000.\0002\0002\000.\0002\000.\0001\0005\000\040\000G\000e\000t\000U\000R\000L\000R\000e\000q\000u\000e\000s\000t}{subsection.4.22.2}% 235
\BOOKMARK [3][-]{subsubsection.4.22.2.16}{\376\377\0004\000.\0002\0002\000.\0002\000.\0001\0006\000\040\000P\000o\000s\000t\000U\000R\000L\000R\000e\000q\000u\000e\000s\000t}{subsection.4.22.2}% 236
\BOOKMARK [3][-]{subsubsection.4.22.2.17}{\376\377\0004\000.\0002\0002\000.\0002\000.\0001\0007\000\040\000P\000u\000t\000U\000R\000L\000R\000e\000q\000u\000e\000s\000t}{subsection.4.22.2}% 237
\BOOKMARK [3][-]{subsubsection.4.22.2.18}{\376\377\0004\000.\0002\0002\000.\0002\000.\0001\0008\000\040\000D\000e\000l\000e\000t\000e\000U\000R\000L\000R\000e\000q\000u\000e\000s\000t}{subsection.4.22.2}% 238
\BOOKMARK [3][-]{subsubsection.4.22.2.19}{\376\377\0004\000.\0002\0002\000.\0002\000.\0001\0009\000\040\000T\000W\000T\000R\000L\000o\000g\000i\000n\000C\000o\000m\000p\000l\000e\000t\000i\000o\000n}{subsection.4.22.2}% 239
\BOOKMARK [3][-]{subsubsection.4.22.2.20}{\376\377\0004\000.\0002\0002\000.\0002\000.\0002\0000\000\040\000T\000W\000T\000R\000T\000w\000e\000e\000t\000C\000o\000m\000p\000l\000e\000t\000i\000o\000n}{subsection.4.22.2}% 240
\BOOKMARK [3][-]{subsubsection.4.22.2.21}{\376\377\0004\000.\0002\0002\000.\0002\000.\0002\0001\000\040\000T\000W\000T\000R\000A\000c\000c\000o\000u\000n\000t\000D\000e\000t\000a\000i\000l\000s\000C\000o\000m\000p\000l\000e\000t\000i\000o\000n}{subsection.4.22.2}% 241
\BOOKMARK [3][-]{subsubsection.4.22.2.22}{\376\377\0004\000.\0002\0002\000.\0002\000.\0002\0002\000\040\000T\000W\000T\000R\000E\000m\000a\000i\000l\000A\000c\000c\000e\000s\000s\000C\000o\000m\000p\000l\000e\000t\000i\000o\000n}{subsection.4.22.2}% 242
\BOOKMARK [3][-]{subsubsection.4.22.2.23}{\376\377\0004\000.\0002\0002\000.\0002\000.\0002\0003\000\040\000T\000W\000T\000R\000R\000e\000s\000o\000n\000s\000e}{subsection.4.22.2}% 243
\BOOKMARK [1][-]{section.4.23}{\376\377\0004\000.\0002\0003\000\040\000T\000w\000i\000t\000t\000e\000r\000S\000e\000s\000s\000i\000o\000n}{chapter.4}% 244
\BOOKMARK [2][-]{subsection.4.23.1}{\376\377\0004\000.\0002\0003\000.\0001\000\040\000D\000e\000t\000a\000i\000l\000e\000d\000\040\000D\000e\000s\000c\000r\000i\000p\000t\000i\000o\000n}{section.4.23}% 245
\BOOKMARK [2][-]{subsection.4.23.2}{\376\377\0004\000.\0002\0003\000.\0002\000\040\000M\000e\000m\000b\000e\000r\000\040\000F\000u\000n\000c\000t\000i\000o\000n\000\040\000D\000o\000c\000u\000m\000e\000n\000t\000a\000t\000i\000o\000n}{section.4.23}% 246
\BOOKMARK [3][-]{subsubsection.4.23.2.1}{\376\377\0004\000.\0002\0003\000.\0002\000.\0001\000\040\000T\000o\000S\000t\000r\000i\000n\000g}{subsection.4.23.2}% 247
\BOOKMARK [2][-]{subsection.4.23.3}{\376\377\0004\000.\0002\0003\000.\0003\000\040\000P\000r\000o\000p\000e\000r\000t\000y\000\040\000D\000o\000c\000u\000m\000e\000n\000t\000a\000t\000i\000o\000n}{section.4.23}% 248
\BOOKMARK [3][-]{subsubsection.4.23.3.1}{\376\377\0004\000.\0002\0003\000.\0003\000.\0001\000\040\000A\000u\000t\000h\000T\000o\000k\000e\000n}{subsection.4.23.3}% 249
\BOOKMARK [3][-]{subsubsection.4.23.3.2}{\376\377\0004\000.\0002\0003\000.\0003\000.\0002\000\040\000A\000u\000t\000h\000T\000o\000k\000e\000n\000S\000e\000c\000r\000e\000t}{subsection.4.23.3}% 250
\BOOKMARK [3][-]{subsubsection.4.23.3.3}{\376\377\0004\000.\0002\0003\000.\0003\000.\0003\000\040\000U\000s\000e\000r\000N\000a\000m\000e}{subsection.4.23.3}% 251
\BOOKMARK [3][-]{subsubsection.4.23.3.4}{\376\377\0004\000.\0002\0003\000.\0003\000.\0004\000\040\000U\000s\000e\000r\000I\000D}{subsection.4.23.3}% 252
\BOOKMARK [1][-]{section.4.24}{\376\377\0004\000.\0002\0004\000\040\000T\000w\000i\000t\000t\000e\000r\000S\000e\000t\000t\000i\000n\000g\000s}{chapter.4}% 253
\BOOKMARK [2][-]{subsection.4.24.1}{\376\377\0004\000.\0002\0004\000.\0001\000\040\000D\000e\000t\000a\000i\000l\000e\000d\000\040\000D\000e\000s\000c\000r\000i\000p\000t\000i\000o\000n}{section.4.24}% 254
\BOOKMARK [2][-]{subsection.4.24.2}{\376\377\0004\000.\0002\0004\000.\0002\000\040\000P\000r\000o\000p\000e\000r\000t\000y\000\040\000D\000o\000c\000u\000m\000e\000n\000t\000a\000t\000i\000o\000n}{section.4.24}% 255
\BOOKMARK [3][-]{subsubsection.4.24.2.1}{\376\377\0004\000.\0002\0004\000.\0002\000.\0001\000\040\000C\000o\000n\000s\000u\000m\000e\000r\000K\000e\000y}{subsection.4.24.2}% 256
\BOOKMARK [3][-]{subsubsection.4.24.2.2}{\376\377\0004\000.\0002\0004\000.\0002\000.\0002\000\040\000C\000o\000n\000s\000u\000m\000e\000r\000S\000e\000c\000r\000e\000t}{subsection.4.24.2}% 257
\BOOKMARK [1][-]{section.4.25}{\376\377\0004\000.\0002\0005\000\040\000T\000w\000i\000t\000t\000e\000r\000U\000s\000e\000r}{chapter.4}% 258
\BOOKMARK [2][-]{subsection.4.25.1}{\376\377\0004\000.\0002\0005\000.\0001\000\040\000D\000e\000t\000a\000i\000l\000e\000d\000\040\000D\000e\000s\000c\000r\000i\000p\000t\000i\000o\000n}{section.4.25}% 259
\BOOKMARK [2][-]{subsection.4.25.2}{\376\377\0004\000.\0002\0005\000.\0002\000\040\000M\000e\000m\000b\000e\000r\000\040\000F\000u\000n\000c\000t\000i\000o\000n\000\040\000D\000o\000c\000u\000m\000e\000n\000t\000a\000t\000i\000o\000n}{section.4.25}% 260
\BOOKMARK [3][-]{subsubsection.4.25.2.1}{\376\377\0004\000.\0002\0005\000.\0002\000.\0001\000\040\000T\000o\000S\000t\000r\000i\000n\000g}{subsection.4.25.2}% 261
\BOOKMARK [2][-]{subsection.4.25.3}{\376\377\0004\000.\0002\0005\000.\0003\000\040\000P\000r\000o\000p\000e\000r\000t\000y\000\040\000D\000o\000c\000u\000m\000e\000n\000t\000a\000t\000i\000o\000n}{section.4.25}% 262
\BOOKMARK [3][-]{subsubsection.4.25.3.1}{\376\377\0004\000.\0002\0005\000.\0003\000.\0001\000\040\000U\000s\000e\000r\000I\000D}{subsection.4.25.3}% 263
\BOOKMARK [3][-]{subsubsection.4.25.3.2}{\376\377\0004\000.\0002\0005\000.\0003\000.\0002\000\040\000N\000a\000m\000e}{subsection.4.25.3}% 264
\BOOKMARK [3][-]{subsubsection.4.25.3.3}{\376\377\0004\000.\0002\0005\000.\0003\000.\0003\000\040\000I\000s\000V\000e\000r\000i\000f\000i\000e\000d}{subsection.4.25.3}% 265
\BOOKMARK [3][-]{subsubsection.4.25.3.4}{\376\377\0004\000.\0002\0005\000.\0003\000.\0004\000\040\000I\000s\000P\000r\000o\000t\000e\000c\000t\000e\000d}{subsection.4.25.3}% 266
\BOOKMARK [3][-]{subsubsection.4.25.3.5}{\376\377\0004\000.\0002\0005\000.\0003\000.\0005\000\040\000P\000r\000o\000f\000i\000l\000e\000I\000m\000a\000g\000e\000U\000R\000L}{subsection.4.25.3}% 267
\BOOKMARK [1][-]{section.4.26}{\376\377\0004\000.\0002\0006\000\040\000U\000I}{chapter.4}% 268
\BOOKMARK [2][-]{subsection.4.26.1}{\376\377\0004\000.\0002\0006\000.\0001\000\040\000D\000e\000t\000a\000i\000l\000e\000d\000\040\000D\000e\000s\000c\000r\000i\000p\000t\000i\000o\000n}{section.4.26}% 269
\BOOKMARK [2][-]{subsection.4.26.2}{\376\377\0004\000.\0002\0006\000.\0002\000\040\000M\000e\000m\000b\000e\000r\000\040\000F\000u\000n\000c\000t\000i\000o\000n\000\040\000D\000o\000c\000u\000m\000e\000n\000t\000a\000t\000i\000o\000n}{section.4.26}% 270
\BOOKMARK [3][-]{subsubsection.4.26.2.1}{\376\377\0004\000.\0002\0006\000.\0002\000.\0001\000\040\000S\000h\000o\000w\000A\000l\000e\000r\000t\000D\000i\000a\000l\000o\000g\000W\000i\000t\000h\000S\000i\000n\000g\000l\000e\000B\000u\000t\000t\000o\000n}{subsection.4.26.2}% 271
\BOOKMARK [3][-]{subsubsection.4.26.2.2}{\376\377\0004\000.\0002\0006\000.\0002\000.\0002\000\040\000S\000h\000o\000w\000A\000l\000e\000r\000t\000D\000i\000a\000l\000o\000g\000W\000i\000t\000h\000M\000u\000l\000t\000i\000p\000l\000e\000B\000u\000t\000t\000o\000n\000s}{subsection.4.26.2}% 272
\BOOKMARK [3][-]{subsubsection.4.26.2.3}{\376\377\0004\000.\0002\0006\000.\0002\000.\0003\000\040\000A\000l\000e\000r\000t\000D\000i\000a\000l\000o\000g\000C\000o\000m\000p\000l\000e\000t\000i\000o\000n}{subsection.4.26.2}% 273
\BOOKMARK [3][-]{subsubsection.4.26.2.4}{\376\377\0004\000.\0002\0006\000.\0002\000.\0004\000\040\000S\000e\000t\000P\000o\000p\000o\000v\000e\000r\000P\000o\000i\000n\000t}{subsection.4.26.2}% 274
\BOOKMARK [3][-]{subsubsection.4.26.2.5}{\376\377\0004\000.\0002\0006\000.\0002\000.\0005\000\040\000S\000e\000t\000P\000o\000p\000o\000v\000e\000r\000P\000o\000i\000n\000t\000A\000t\000L\000a\000s\000t\000T\000o\000u\000c\000h\000P\000o\000s\000i\000t\000i\000o\000n}{subsection.4.26.2}% 275
\BOOKMARK [3][-]{subsubsection.4.26.2.6}{\376\377\0004\000.\0002\0006\000.\0002\000.\0006\000\040\000S\000h\000o\000w\000S\000i\000n\000g\000l\000e\000F\000i\000e\000l\000d\000P\000r\000o\000m\000p\000t\000D\000i\000a\000l\000o\000g\000W\000i\000t\000h\000P\000l\000a\000i\000n\000T\000e\000x\000t}{subsection.4.26.2}% 276
\BOOKMARK [3][-]{subsubsection.4.26.2.7}{\376\377\0004\000.\0002\0006\000.\0002\000.\0007\000\040\000S\000h\000o\000w\000S\000i\000n\000g\000l\000e\000F\000i\000e\000l\000d\000P\000r\000o\000m\000p\000t\000D\000i\000a\000l\000o\000g\000W\000i\000t\000h\000S\000e\000c\000u\000r\000e\000d\000T\000e\000x\000t}{subsection.4.26.2}% 277
\BOOKMARK [3][-]{subsubsection.4.26.2.8}{\376\377\0004\000.\0002\0006\000.\0002\000.\0008\000\040\000S\000h\000o\000w\000L\000o\000g\000i\000n\000P\000r\000o\000m\000p\000t\000D\000i\000a\000l\000o\000g}{subsection.4.26.2}% 278
\BOOKMARK [3][-]{subsubsection.4.26.2.9}{\376\377\0004\000.\0002\0006\000.\0002\000.\0009\000\040\000S\000i\000n\000g\000l\000e\000F\000i\000e\000l\000d\000P\000r\000o\000m\000p\000t\000C\000o\000m\000p\000l\000e\000t\000i\000o\000n}{subsection.4.26.2}% 279
\BOOKMARK [3][-]{subsubsection.4.26.2.10}{\376\377\0004\000.\0002\0006\000.\0002\000.\0001\0000\000\040\000L\000o\000g\000i\000n\000P\000r\000o\000m\000p\000t\000C\000o\000m\000p\000l\000e\000t\000i\000o\000n}{subsection.4.26.2}% 280
\BOOKMARK [1][-]{section.4.27}{\376\377\0004\000.\0002\0007\000\040\000U\000t\000i\000l\000i\000t\000y}{chapter.4}% 281
\BOOKMARK [2][-]{subsection.4.27.1}{\376\377\0004\000.\0002\0007\000.\0001\000\040\000D\000e\000t\000a\000i\000l\000e\000d\000\040\000D\000e\000s\000c\000r\000i\000p\000t\000i\000o\000n}{section.4.27}% 282
\BOOKMARK [2][-]{subsection.4.27.2}{\376\377\0004\000.\0002\0007\000.\0002\000\040\000M\000e\000m\000b\000e\000r\000\040\000F\000u\000n\000c\000t\000i\000o\000n\000\040\000D\000o\000c\000u\000m\000e\000n\000t\000a\000t\000i\000o\000n}{section.4.27}% 283
\BOOKMARK [3][-]{subsubsection.4.27.2.1}{\376\377\0004\000.\0002\0007\000.\0002\000.\0001\000\040\000G\000e\000t\000U\000U\000I\000D}{subsection.4.27.2}% 284
\BOOKMARK [3][-]{subsubsection.4.27.2.2}{\376\377\0004\000.\0002\0007\000.\0002\000.\0002\000\040\000O\000p\000e\000n\000S\000t\000o\000r\000e\000L\000i\000n\000k}{subsection.4.27.2}% 285
\BOOKMARK [3][-]{subsubsection.4.27.2.3}{\376\377\0004\000.\0002\0007\000.\0002\000.\0003\000\040\000S\000e\000t\000A\000p\000p\000l\000i\000c\000a\000t\000i\000o\000n\000I\000c\000o\000n\000B\000a\000d\000g\000e\000N\000u\000m\000b\000e\000r}{subsection.4.27.2}% 286
\BOOKMARK [3][-]{subsubsection.4.27.2.4}{\376\377\0004\000.\0002\0007\000.\0002\000.\0004\000\040\000G\000e\000t\000B\000u\000n\000d\000l\000e\000V\000e\000r\000s\000i\000o\000n}{subsection.4.27.2}% 287
\BOOKMARK [3][-]{subsubsection.4.27.2.5}{\376\377\0004\000.\0002\0007\000.\0002\000.\0005\000\040\000G\000e\000t\000B\000u\000n\000d\000l\000e\000I\000d\000e\000n\000t\000i\000f\000i\000e\000r}{subsection.4.27.2}% 288
\BOOKMARK [1][-]{section.4.28}{\376\377\0004\000.\0002\0008\000\040\000U\000t\000i\000l\000i\000t\000y\000S\000e\000t\000t\000i\000n\000g\000s}{chapter.4}% 289
\BOOKMARK [2][-]{subsection.4.28.1}{\376\377\0004\000.\0002\0008\000.\0001\000\040\000D\000e\000t\000a\000i\000l\000e\000d\000\040\000D\000e\000s\000c\000r\000i\000p\000t\000i\000o\000n}{section.4.28}% 290
\BOOKMARK [1][-]{section.4.29}{\376\377\0004\000.\0002\0009\000\040\000W\000e\000b\000V\000i\000e\000w\000M\000e\000s\000s\000a\000g\000e}{chapter.4}% 291
\BOOKMARK [2][-]{subsection.4.29.1}{\376\377\0004\000.\0002\0009\000.\0001\000\040\000D\000e\000t\000a\000i\000l\000e\000d\000\040\000D\000e\000s\000c\000r\000i\000p\000t\000i\000o\000n}{section.4.29}% 292
\BOOKMARK [2][-]{subsection.4.29.2}{\376\377\0004\000.\0002\0009\000.\0002\000\040\000P\000r\000o\000p\000e\000r\000t\000y\000\040\000D\000o\000c\000u\000m\000e\000n\000t\000a\000t\000i\000o\000n}{section.4.29}% 293
\BOOKMARK [3][-]{subsubsection.4.29.2.1}{\376\377\0004\000.\0002\0009\000.\0002\000.\0001\000\040\000S\000c\000h\000e\000m\000e\000N\000a\000m\000e}{subsection.4.29.2}% 294
\BOOKMARK [3][-]{subsubsection.4.29.2.2}{\376\377\0004\000.\0002\0009\000.\0002\000.\0002\000\040\000H\000o\000s\000t}{subsection.4.29.2}% 295
\BOOKMARK [3][-]{subsubsection.4.29.2.3}{\376\377\0004\000.\0002\0009\000.\0002\000.\0003\000\040\000A\000r\000g\000u\000m\000e\000n\000t\000s}{subsection.4.29.2}% 296
\BOOKMARK [0][-]{section*.46}{\376\377\000I\000n\000d\000e\000x}{}% 297
